;  LST file generated by mikroListExporter - v.2.0 
; Date/Time: 4/19/2011 7:09:31 PM
;----------------------------------------------

;Address Opcode 	ASM
0x0000	0xF003EF69  	GOTO        1746
0x0004	0x0000      	NOP
0x0006	0x0000      	NOP
0x0008	0xF000EF00  	GOTO        0
0x000C	0x0000      	NOP
0x000E	0x0000      	NOP
0x0010	0x0000      	NOP
0x0012	0x0000      	NOP
0x0014	0x0000      	NOP
0x0016	0x0000      	NOP
0x0018	0xD7F3      	BRA         0
_Delay_1us:
;__Lib_Delays.c,7 :: 		void Delay_1us() {
;__Lib_Delays.c,8 :: 		Delay_us(1);
0x001C	0x0E03      	MOVLW       3
0x001E	0x6E0D      	MOVWF       R13, 0
L_Delay_1us0:
0x0020	0x2E0D      	DECFSZ      R13, 1, 0
0x0022	0xD7FE      	BRA         L_Delay_1us0
0x0024	0x0000      	NOP
0x0026	0x0000      	NOP
;__Lib_Delays.c,9 :: 		}
0x0028	0x0012      	RETURN      0
; end of _Delay_1us
_Delay_5500us:
;__Lib_Delays.c,31 :: 		void Delay_5500us() {
;__Lib_Delays.c,32 :: 		Delay_us(5500);
0x002A	0x0E56      	MOVLW       86
0x002C	0x6E0C      	MOVWF       R12, 0
0x002E	0x0EB5      	MOVLW       181
0x0030	0x6E0D      	MOVWF       R13, 0
L_Delay_5500us6:
0x0032	0x2E0D      	DECFSZ      R13, 1, 0
0x0034	0xD7FE      	BRA         L_Delay_5500us6
0x0036	0x2E0C      	DECFSZ      R12, 1, 0
0x0038	0xD7FC      	BRA         L_Delay_5500us6
0x003A	0x0000      	NOP
0x003C	0x0000      	NOP
;__Lib_Delays.c,33 :: 		}
0x003E	0x0012      	RETURN      0
; end of _Delay_5500us
_Delay_50us:
;__Lib_Delays.c,19 :: 		void Delay_50us() {
;__Lib_Delays.c,20 :: 		Delay_us(50);
0x0040	0x0EC7      	MOVLW       199
0x0042	0x6E0D      	MOVWF       R13, 0
L_Delay_50us3:
0x0044	0x2E0D      	DECFSZ      R13, 1, 0
0x0046	0xD7FE      	BRA         L_Delay_50us3
0x0048	0x0000      	NOP
0x004A	0x0000      	NOP
;__Lib_Delays.c,21 :: 		}
0x004C	0x0012      	RETURN      0
; end of _Delay_50us
_Lcd_Cmd:
;__Lib_Lcd.c,18 :: 		
;__Lib_Lcd.c,20 :: 		
0x004E	0xBE3D      	BTFSC       FARG_Lcd_Cmd_out_char, 7 
0x0050	0xD002      	BRA         L__Lcd_Cmd20
0x0052	0x9E81      	BCF         LCD_D7, BitPos(LCD_D7+0) 
0x0054	0xD001      	BRA         L__Lcd_Cmd21
L__Lcd_Cmd20:
0x0056	0x8E81      	BSF         LCD_D7, BitPos(LCD_D7+0) 
L__Lcd_Cmd21:
;__Lib_Lcd.c,21 :: 		
0x0058	0xBC3D      	BTFSC       FARG_Lcd_Cmd_out_char, 6 
0x005A	0xD002      	BRA         L__Lcd_Cmd22
0x005C	0x9C81      	BCF         LCD_D6, BitPos(LCD_D6+0) 
0x005E	0xD001      	BRA         L__Lcd_Cmd23
L__Lcd_Cmd22:
0x0060	0x8C81      	BSF         LCD_D6, BitPos(LCD_D6+0) 
L__Lcd_Cmd23:
;__Lib_Lcd.c,22 :: 		
0x0062	0xBA3D      	BTFSC       FARG_Lcd_Cmd_out_char, 5 
0x0064	0xD002      	BRA         L__Lcd_Cmd24
0x0066	0x9A81      	BCF         LCD_D5, BitPos(LCD_D5+0) 
0x0068	0xD001      	BRA         L__Lcd_Cmd25
L__Lcd_Cmd24:
0x006A	0x8A81      	BSF         LCD_D5, BitPos(LCD_D5+0) 
L__Lcd_Cmd25:
;__Lib_Lcd.c,23 :: 		
0x006C	0xB83D      	BTFSC       FARG_Lcd_Cmd_out_char, 4 
0x006E	0xD002      	BRA         L__Lcd_Cmd26
0x0070	0x9881      	BCF         LCD_D4, BitPos(LCD_D4+0) 
0x0072	0xD001      	BRA         L__Lcd_Cmd27
L__Lcd_Cmd26:
0x0074	0x8881      	BSF         LCD_D4, BitPos(LCD_D4+0) 
L__Lcd_Cmd27:
;__Lib_Lcd.c,25 :: 		
0x0076	0xB030      	BTFSC       __Lib_Lcd_cmd_status, BitPos(__Lib_Lcd_cmd_status+0) 
0x0078	0xD002      	BRA         L__Lcd_Cmd28
0x007A	0x8C82      	BSF         LCD_RS, BitPos(LCD_RS+0) 
0x007C	0xD001      	BRA         L__Lcd_Cmd29
L__Lcd_Cmd28:
0x007E	0x9C82      	BCF         LCD_RS, BitPos(LCD_RS+0) 
L__Lcd_Cmd29:
;__Lib_Lcd.c,28 :: 		
0x0080	0x8E82      	BSF         LCD_EN, BitPos(LCD_EN+0) 
;__Lib_Lcd.c,29 :: 		
0x0082	0xDFCC      	RCALL       _Delay_1us
;__Lib_Lcd.c,30 :: 		
0x0084	0x9E82      	BCF         LCD_EN, BitPos(LCD_EN+0) 
;__Lib_Lcd.c,33 :: 		
0x0086	0xB63D      	BTFSC       FARG_Lcd_Cmd_out_char, 3 
0x0088	0xD002      	BRA         L__Lcd_Cmd30
0x008A	0x9E81      	BCF         LCD_D7, BitPos(LCD_D7+0) 
0x008C	0xD001      	BRA         L__Lcd_Cmd31
L__Lcd_Cmd30:
0x008E	0x8E81      	BSF         LCD_D7, BitPos(LCD_D7+0) 
L__Lcd_Cmd31:
;__Lib_Lcd.c,34 :: 		
0x0090	0xB43D      	BTFSC       FARG_Lcd_Cmd_out_char, 2 
0x0092	0xD002      	BRA         L__Lcd_Cmd32
0x0094	0x9C81      	BCF         LCD_D6, BitPos(LCD_D6+0) 
0x0096	0xD001      	BRA         L__Lcd_Cmd33
L__Lcd_Cmd32:
0x0098	0x8C81      	BSF         LCD_D6, BitPos(LCD_D6+0) 
L__Lcd_Cmd33:
;__Lib_Lcd.c,35 :: 		
0x009A	0xB23D      	BTFSC       FARG_Lcd_Cmd_out_char, 1 
0x009C	0xD002      	BRA         L__Lcd_Cmd34
0x009E	0x9A81      	BCF         LCD_D5, BitPos(LCD_D5+0) 
0x00A0	0xD001      	BRA         L__Lcd_Cmd35
L__Lcd_Cmd34:
0x00A2	0x8A81      	BSF         LCD_D5, BitPos(LCD_D5+0) 
L__Lcd_Cmd35:
;__Lib_Lcd.c,36 :: 		
0x00A4	0xB03D      	BTFSC       FARG_Lcd_Cmd_out_char, 0 
0x00A6	0xD002      	BRA         L__Lcd_Cmd36
0x00A8	0x9881      	BCF         LCD_D4, BitPos(LCD_D4+0) 
0x00AA	0xD001      	BRA         L__Lcd_Cmd37
L__Lcd_Cmd36:
0x00AC	0x8881      	BSF         LCD_D4, BitPos(LCD_D4+0) 
L__Lcd_Cmd37:
;__Lib_Lcd.c,38 :: 		
0x00AE	0xB030      	BTFSC       __Lib_Lcd_cmd_status, BitPos(__Lib_Lcd_cmd_status+0) 
0x00B0	0xD002      	BRA         L__Lcd_Cmd38
0x00B2	0x8C82      	BSF         LCD_RS, BitPos(LCD_RS+0) 
0x00B4	0xD001      	BRA         L__Lcd_Cmd39
L__Lcd_Cmd38:
0x00B6	0x9C82      	BCF         LCD_RS, BitPos(LCD_RS+0) 
L__Lcd_Cmd39:
;__Lib_Lcd.c,40 :: 		
0x00B8	0x8E82      	BSF         LCD_EN, BitPos(LCD_EN+0) 
;__Lib_Lcd.c,41 :: 		
0x00BA	0xDFB0      	RCALL       _Delay_1us
;__Lib_Lcd.c,42 :: 		
0x00BC	0x9E82      	BCF         LCD_EN, BitPos(LCD_EN+0) 
;__Lib_Lcd.c,44 :: 		
0x00BE	0xA030      	BTFSS       __Lib_Lcd_cmd_status, BitPos(__Lib_Lcd_cmd_status+0) 
0x00C0	0xD002      	BRA         L_Lcd_Cmd0
;__Lib_Lcd.c,45 :: 		
0x00C2	0xDFB3      	RCALL       _Delay_5500us
0x00C4	0xD001      	BRA         L_Lcd_Cmd1
L_Lcd_Cmd0:
;__Lib_Lcd.c,47 :: 		
0x00C6	0xDFBC      	RCALL       _Delay_50us
L_Lcd_Cmd1:
;__Lib_Lcd.c,48 :: 		
0x00C8	0x0012      	RETURN      0
; end of _Lcd_Cmd
_Lcd_Chr_CP:
;__Lib_Lcd.c,50 :: 		
;__Lib_Lcd.c,52 :: 		
0x00CA	0x9030      	BCF         __Lib_Lcd_cmd_status, BitPos(__Lib_Lcd_cmd_status+0) 
;__Lib_Lcd.c,53 :: 		
0x00CC	0xF03DC03C  	MOVFF       FARG_Lcd_Chr_CP_out_char, FARG_Lcd_Cmd_out_char
0x00D0	0xDFBE      	RCALL       _Lcd_Cmd
;__Lib_Lcd.c,54 :: 		
0x00D2	0x8030      	BSF         __Lib_Lcd_cmd_status, BitPos(__Lib_Lcd_cmd_status+0) 
;__Lib_Lcd.c,55 :: 		
0x00D4	0x0012      	RETURN      0
; end of _Lcd_Chr_CP
_Lcd_Out:
;__Lib_Lcd.c,184 :: 		
;__Lib_Lcd.c,187 :: 		
0x00D6	0xD00F      	BRA         L_Lcd_Out11
;__Lib_Lcd.c,188 :: 		
L_Lcd_Out13:
0x00D8	0x0E80      	MOVLW       128
0x00DA	0x6E37      	MOVWF       FARG_Lcd_Out_row 
0x00DC	0xD019      	BRA         L_Lcd_Out12
;__Lib_Lcd.c,189 :: 		
L_Lcd_Out14:
0x00DE	0x0EC0      	MOVLW       192
0x00E0	0x6E37      	MOVWF       FARG_Lcd_Out_row 
0x00E2	0xD016      	BRA         L_Lcd_Out12
;__Lib_Lcd.c,190 :: 		
L_Lcd_Out15:
0x00E4	0x0E94      	MOVLW       148
0x00E6	0x6E37      	MOVWF       FARG_Lcd_Out_row 
0x00E8	0xD013      	BRA         L_Lcd_Out12
;__Lib_Lcd.c,191 :: 		
L_Lcd_Out16:
0x00EA	0x0ED4      	MOVLW       212
0x00EC	0x6E37      	MOVWF       FARG_Lcd_Out_row 
0x00EE	0xD010      	BRA         L_Lcd_Out12
;__Lib_Lcd.c,192 :: 		
L_Lcd_Out17:
0x00F0	0x0E80      	MOVLW       128
0x00F2	0x6E37      	MOVWF       FARG_Lcd_Out_row 
;__Lib_Lcd.c,193 :: 		
0x00F4	0xD00D      	BRA         L_Lcd_Out12
L_Lcd_Out11:
0x00F6	0x5037      	MOVF        FARG_Lcd_Out_row, 0 
0x00F8	0x0A01      	XORLW       1
0x00FA	0xE0EE      	BZ          L_Lcd_Out13
0x00FC	0x5037      	MOVF        FARG_Lcd_Out_row, 0 
0x00FE	0x0A02      	XORLW       2
0x0100	0xE0EE      	BZ          L_Lcd_Out14
0x0102	0x5037      	MOVF        FARG_Lcd_Out_row, 0 
0x0104	0x0A03      	XORLW       3
0x0106	0xE0EE      	BZ          L_Lcd_Out15
0x0108	0x5037      	MOVF        FARG_Lcd_Out_row, 0 
0x010A	0x0A04      	XORLW       4
0x010C	0xE0EE      	BZ          L_Lcd_Out16
0x010E	0xD7F0      	BRA         L_Lcd_Out17
L_Lcd_Out12:
;__Lib_Lcd.c,194 :: 		
0x0110	0x0438      	DECF        FARG_Lcd_Out_column, 0 
0x0112	0x6E00      	MOVWF       R0 
0x0114	0x5037      	MOVF        FARG_Lcd_Out_row, 0 
0x0116	0x2600      	ADDWF       R0, 1 
0x0118	0xF037C000  	MOVFF       R0, FARG_Lcd_Out_row
;__Lib_Lcd.c,196 :: 		
0x011C	0xF03DC000  	MOVFF       R0, FARG_Lcd_Cmd_out_char
0x0120	0xDF96      	RCALL       _Lcd_Cmd
;__Lib_Lcd.c,197 :: 		
0x0122	0x9030      	BCF         __Lib_Lcd_cmd_status, BitPos(__Lib_Lcd_cmd_status+0) 
;__Lib_Lcd.c,198 :: 		
0x0124	0x6A3B      	CLRF        Lcd_Out_i_L0 
;__Lib_Lcd.c,199 :: 		
L_Lcd_Out18:
0x0126	0x503B      	MOVF        Lcd_Out_i_L0, 0 
0x0128	0x2439      	ADDWF       FARG_Lcd_Out_text, 0 
0x012A	0x6EE9      	MOVWF       FSR0L 
0x012C	0x0E00      	MOVLW       0
0x012E	0x203A      	ADDWFC      FARG_Lcd_Out_text+1, 0 
0x0130	0x6EEA      	MOVWF       FSR0H 
0x0132	0x52EE      	MOVF        POSTINC0, 1 
0x0134	0xE00B      	BZ          L_Lcd_Out19
;__Lib_Lcd.c,200 :: 		
0x0136	0x503B      	MOVF        Lcd_Out_i_L0, 0 
0x0138	0x2439      	ADDWF       FARG_Lcd_Out_text, 0 
0x013A	0x6EE9      	MOVWF       FSR0L 
0x013C	0x0E00      	MOVLW       0
0x013E	0x203A      	ADDWFC      FARG_Lcd_Out_text+1, 0 
0x0140	0x6EEA      	MOVWF       FSR0H 
0x0142	0xF03CCFEE  	MOVFF       POSTINC0, FARG_Lcd_Chr_CP_out_char
0x0146	0xDFC1      	RCALL       _Lcd_Chr_CP
0x0148	0x2A3B      	INCF        Lcd_Out_i_L0, 1 
0x014A	0xD7ED      	BRA         L_Lcd_Out18
L_Lcd_Out19:
;__Lib_Lcd.c,201 :: 		
0x014C	0x8030      	BSF         __Lib_Lcd_cmd_status, BitPos(__Lib_Lcd_cmd_status+0) 
;__Lib_Lcd.c,202 :: 		
0x014E	0x0012      	RETURN      0
; end of _Lcd_Out
_Div_32x32_U:
;__Lib_Math.c,1159 :: 		
;__Lib_Math.c,1170 :: 		
0x0150	0x6A0B      	CLRF        R11, 0
;__Lib_Math.c,1171 :: 		
0x0152	0x6A0A      	CLRF        R10, 0
;__Lib_Math.c,1172 :: 		
0x0154	0x6A09      	CLRF        R9, 0
;__Lib_Math.c,1173 :: 		
0x0156	0x6A08      	CLRF        R8, 0
;__Lib_Math.c,1175 :: 		
0x0158	0x6A0E      	CLRF        R14, 0
;__Lib_Math.c,1177 :: 		
0x015A	0x3403      	RLCF        R3, 0, 0
;__Lib_Math.c,1178 :: 		
0x015C	0x3608      	RLCF        R8, 1, 0
;__Lib_Math.c,1179 :: 		
0x015E	0x5004      	MOVF        R4, 0, 0
;__Lib_Math.c,1180 :: 		
0x0160	0x5E08      	SUBWF       R8, 1, 0
;__Lib_Math.c,1181 :: 		
0x0162	0x5005      	MOVF        R5, 0, 0
;__Lib_Math.c,1182 :: 		
0x0164	0xA0D8      	BTFSS       STATUS, 0, 0
;__Lib_Math.c,1183 :: 		
0x0166	0x3C05      	INCFSZ      R5, 0, 0
;__Lib_Math.c,1184 :: 		
0x0168	0x5E09      	SUBWF       R9, 1, 0
;__Lib_Math.c,1185 :: 		
0x016A	0x5006      	MOVF        R6, 0, 0
;__Lib_Math.c,1186 :: 		
0x016C	0xA0D8      	BTFSS       STATUS, 0, 0
;__Lib_Math.c,1187 :: 		
0x016E	0x3C06      	INCFSZ      R6, 0, 0
;__Lib_Math.c,1188 :: 		
0x0170	0x5E0A      	SUBWF       R10, 1, 0
;__Lib_Math.c,1189 :: 		
0x0172	0x5007      	MOVF        R7, 0, 0
;__Lib_Math.c,1190 :: 		
0x0174	0xA0D8      	BTFSS       STATUS, 0, 0
;__Lib_Math.c,1191 :: 		
0x0176	0x3C07      	INCFSZ      R7, 0, 0
;__Lib_Math.c,1192 :: 		
0x0178	0x5E0B      	SUBWF       R11, 1, 0
;__Lib_Math.c,1194 :: 		
0x017A	0x6AE8      	CLRF        WREG, 0
;__Lib_Math.c,1195 :: 		
0x017C	0xA0D8      	BTFSS       STATUS, 0, 0
;__Lib_Math.c,1196 :: 		
0x017E	0x0E01      	MOVLW       1
;__Lib_Math.c,1197 :: 		
0x0180	0x5E0E      	SUBWF       R14, 1, 0
;__Lib_Math.c,1198 :: 		
0x0182	0x3603      	RLCF        R3, 1, 0
;__Lib_Math.c,1200 :: 		
0x0184	0x0E07      	MOVLW       7
;__Lib_Math.c,1201 :: 		
0x0186	0x6E0C      	MOVWF       R12, 0
;__Lib_Math.c,1203 :: 		
LOOPU3232A:
;__Lib_Math.c,1204 :: 		
0x0188	0x3403      	RLCF        R3, 0, 0
;__Lib_Math.c,1205 :: 		
0x018A	0x3608      	RLCF        R8, 1, 0
;__Lib_Math.c,1206 :: 		
0x018C	0x3609      	RLCF        R9, 1, 0
;__Lib_Math.c,1207 :: 		
0x018E	0x360A      	RLCF        R10, 1, 0
;__Lib_Math.c,1208 :: 		
0x0190	0x360B      	RLCF        R11, 1, 0
;__Lib_Math.c,1209 :: 		
0x0192	0x360E      	RLCF        R14, 1, 0
;__Lib_Math.c,1210 :: 		
0x0194	0x5004      	MOVF        R4, 0, 0
;__Lib_Math.c,1211 :: 		
0x0196	0xA003      	BTFSS       R3, 0, 0
;__Lib_Math.c,1212 :: 		
0x0198	0xD012      	BRA         UADD22LA
;__Lib_Math.c,1214 :: 		
0x019A	0x5E08      	SUBWF       R8, 1, 0
;__Lib_Math.c,1215 :: 		
0x019C	0x5005      	MOVF        R5, 0, 0
;__Lib_Math.c,1216 :: 		
0x019E	0xA0D8      	BTFSS       STATUS, 0, 0
;__Lib_Math.c,1217 :: 		
0x01A0	0x3C05      	INCFSZ      R5, 0, 0
;__Lib_Math.c,1218 :: 		
0x01A2	0x5E09      	SUBWF       R9, 1, 0
;__Lib_Math.c,1219 :: 		
0x01A4	0x5006      	MOVF        R6, 0, 0
;__Lib_Math.c,1220 :: 		
0x01A6	0xA0D8      	BTFSS       STATUS, 0, 0
;__Lib_Math.c,1221 :: 		
0x01A8	0x3C06      	INCFSZ      R6, 0, 0
;__Lib_Math.c,1222 :: 		
0x01AA	0x5E0A      	SUBWF       R10, 1, 0
;__Lib_Math.c,1223 :: 		
0x01AC	0x5007      	MOVF        R7, 0, 0
;__Lib_Math.c,1224 :: 		
0x01AE	0xA0D8      	BTFSS       STATUS, 0, 0
;__Lib_Math.c,1225 :: 		
0x01B0	0x3C07      	INCFSZ      R7, 0, 0
;__Lib_Math.c,1226 :: 		
0x01B2	0x5E0B      	SUBWF       R11, 1, 0
;__Lib_Math.c,1227 :: 		
0x01B4	0x6AE8      	CLRF        WREG, 0
;__Lib_Math.c,1228 :: 		
0x01B6	0xA0D8      	BTFSS       STATUS, 0, 0
;__Lib_Math.c,1229 :: 		
0x01B8	0x0E01      	MOVLW       1
;__Lib_Math.c,1230 :: 		
0x01BA	0x5E0E      	SUBWF       R14, 1, 0
;__Lib_Math.c,1231 :: 		
0x01BC	0xD011      	BRA         UOK22LA
;__Lib_Math.c,1233 :: 		
UADD22LA:
;__Lib_Math.c,1234 :: 		
0x01BE	0x2608      	ADDWF       R8, 1, 0
;__Lib_Math.c,1235 :: 		
0x01C0	0x5005      	MOVF        R5, 0, 0
;__Lib_Math.c,1236 :: 		
0x01C2	0xB0D8      	BTFSC       STATUS, 0, 0
;__Lib_Math.c,1237 :: 		
0x01C4	0x3C05      	INCFSZ      R5, 0, 0
;__Lib_Math.c,1238 :: 		
0x01C6	0x2609      	ADDWF       R9, 1, 0
;__Lib_Math.c,1239 :: 		
0x01C8	0x5006      	MOVF        R6, 0, 0
;__Lib_Math.c,1240 :: 		
0x01CA	0xB0D8      	BTFSC       STATUS, 0, 0
;__Lib_Math.c,1241 :: 		
0x01CC	0x3C06      	INCFSZ      R6, 0, 0
;__Lib_Math.c,1242 :: 		
0x01CE	0x260A      	ADDWF       R10, 1, 0
;__Lib_Math.c,1243 :: 		
0x01D0	0x5007      	MOVF        R7, 0, 0
;__Lib_Math.c,1244 :: 		
0x01D2	0xB0D8      	BTFSC       STATUS, 0, 0
;__Lib_Math.c,1245 :: 		
0x01D4	0x3C07      	INCFSZ      R7, 0, 0
;__Lib_Math.c,1246 :: 		
0x01D6	0x260B      	ADDWF       R11, 1, 0
;__Lib_Math.c,1247 :: 		
0x01D8	0x6AE8      	CLRF        WREG, 0
;__Lib_Math.c,1248 :: 		
0x01DA	0xB0D8      	BTFSC       STATUS, 0, 0
;__Lib_Math.c,1249 :: 		
0x01DC	0x0E01      	MOVLW       1
;__Lib_Math.c,1250 :: 		
0x01DE	0x260E      	ADDWF       R14, 1, 0
;__Lib_Math.c,1252 :: 		
UOK22LA:
;__Lib_Math.c,1253 :: 		
0x01E0	0x3603      	RLCF        R3, 1, 0
;__Lib_Math.c,1255 :: 		
0x01E2	0x2E0C      	DECFSZ      R12, 1, 0
;__Lib_Math.c,1256 :: 		
0x01E4	0xD7D1      	BRA         LOOPU3232A
;__Lib_Math.c,1258 :: 		
0x01E6	0x3402      	RLCF        R2, 0, 0
;__Lib_Math.c,1259 :: 		
0x01E8	0x3608      	RLCF        R8, 1, 0
;__Lib_Math.c,1260 :: 		
0x01EA	0x3609      	RLCF        R9, 1, 0
;__Lib_Math.c,1261 :: 		
0x01EC	0x360A      	RLCF        R10, 1, 0
;__Lib_Math.c,1262 :: 		
0x01EE	0x360B      	RLCF        R11, 1, 0
;__Lib_Math.c,1263 :: 		
0x01F0	0x360E      	RLCF        R14, 1, 0
;__Lib_Math.c,1264 :: 		
0x01F2	0x5004      	MOVF        R4, 0, 0
;__Lib_Math.c,1265 :: 		
0x01F4	0xA003      	BTFSS       R3, 0, 0
;__Lib_Math.c,1266 :: 		
0x01F6	0xD012      	BRA         UADD22L8
;__Lib_Math.c,1268 :: 		
0x01F8	0x5E08      	SUBWF       R8, 1, 0
;__Lib_Math.c,1269 :: 		
0x01FA	0x5005      	MOVF        R5, 0, 0
;__Lib_Math.c,1270 :: 		
0x01FC	0xA0D8      	BTFSS       STATUS, 0, 0
;__Lib_Math.c,1271 :: 		
0x01FE	0x3C05      	INCFSZ      R5, 0, 0
;__Lib_Math.c,1272 :: 		
0x0200	0x5E09      	SUBWF       R9, 1, 0
;__Lib_Math.c,1273 :: 		
0x0202	0x5006      	MOVF        R6, 0, 0
;__Lib_Math.c,1274 :: 		
0x0204	0xA0D8      	BTFSS       STATUS, 0, 0
;__Lib_Math.c,1275 :: 		
0x0206	0x3C06      	INCFSZ      R6, 0, 0
;__Lib_Math.c,1276 :: 		
0x0208	0x5E0A      	SUBWF       R10, 1, 0
;__Lib_Math.c,1277 :: 		
0x020A	0x5007      	MOVF        R7, 0, 0
;__Lib_Math.c,1278 :: 		
0x020C	0xA0D8      	BTFSS       STATUS, 0, 0
;__Lib_Math.c,1279 :: 		
0x020E	0x3C07      	INCFSZ      R7, 0, 0
;__Lib_Math.c,1280 :: 		
0x0210	0x5E0B      	SUBWF       R11, 1, 0
;__Lib_Math.c,1281 :: 		
0x0212	0x6AE8      	CLRF        WREG, 0
;__Lib_Math.c,1282 :: 		
0x0214	0xA0D8      	BTFSS       STATUS, 0, 0
;__Lib_Math.c,1283 :: 		
0x0216	0x0E01      	MOVLW       1
;__Lib_Math.c,1284 :: 		
0x0218	0x5E0E      	SUBWF       R14, 1, 0
;__Lib_Math.c,1285 :: 		
0x021A	0xD011      	BRA         UOK22L8
;__Lib_Math.c,1287 :: 		
UADD22L8:
;__Lib_Math.c,1288 :: 		
0x021C	0x2608      	ADDWF       R8, 1, 0
;__Lib_Math.c,1289 :: 		
0x021E	0x5005      	MOVF        R5, 0, 0
;__Lib_Math.c,1290 :: 		
0x0220	0xB0D8      	BTFSC       STATUS, 0, 0
;__Lib_Math.c,1291 :: 		
0x0222	0x3C05      	INCFSZ      R5, 0, 0
;__Lib_Math.c,1292 :: 		
0x0224	0x2609      	ADDWF       R9, 1, 0
;__Lib_Math.c,1293 :: 		
0x0226	0x5006      	MOVF        R6, 0, 0
;__Lib_Math.c,1294 :: 		
0x0228	0xB0D8      	BTFSC       STATUS, 0, 0
;__Lib_Math.c,1295 :: 		
0x022A	0x3C06      	INCFSZ      R6, 0, 0
;__Lib_Math.c,1296 :: 		
0x022C	0x260A      	ADDWF       R10, 1, 0
;__Lib_Math.c,1297 :: 		
0x022E	0x5007      	MOVF        R7, 0, 0
;__Lib_Math.c,1298 :: 		
0x0230	0xB0D8      	BTFSC       STATUS, 0, 0
;__Lib_Math.c,1299 :: 		
0x0232	0x3C07      	INCFSZ      R7, 0, 0
;__Lib_Math.c,1300 :: 		
0x0234	0x260B      	ADDWF       R11, 1, 0
;__Lib_Math.c,1301 :: 		
0x0236	0x6AE8      	CLRF        WREG, 0
;__Lib_Math.c,1302 :: 		
0x0238	0xB0D8      	BTFSC       STATUS, 0, 0
;__Lib_Math.c,1303 :: 		
0x023A	0x0E01      	MOVLW       1
;__Lib_Math.c,1304 :: 		
0x023C	0x260E      	ADDWF       R14, 1, 0
;__Lib_Math.c,1306 :: 		
UOK22L8:
;__Lib_Math.c,1307 :: 		
0x023E	0x3602      	RLCF        R2, 1, 0
;__Lib_Math.c,1309 :: 		
0x0240	0x0E07      	MOVLW       7
;__Lib_Math.c,1310 :: 		
0x0242	0x6E0C      	MOVWF       R12, 0
;__Lib_Math.c,1312 :: 		
LOOPU3232B:
;__Lib_Math.c,1313 :: 		
0x0244	0x3402      	RLCF        R2, 0, 0
;__Lib_Math.c,1314 :: 		
0x0246	0x3608      	RLCF        R8, 1, 0
;__Lib_Math.c,1315 :: 		
0x0248	0x3609      	RLCF        R9, 1, 0
;__Lib_Math.c,1316 :: 		
0x024A	0x360A      	RLCF        R10, 1, 0
;__Lib_Math.c,1317 :: 		
0x024C	0x360B      	RLCF        R11, 1, 0
;__Lib_Math.c,1318 :: 		
0x024E	0x360E      	RLCF        R14, 1, 0
;__Lib_Math.c,1319 :: 		
0x0250	0x5004      	MOVF        R4, 0, 0
;__Lib_Math.c,1320 :: 		
0x0252	0xA002      	BTFSS       R2, 0, 0
;__Lib_Math.c,1321 :: 		
0x0254	0xD012      	BRA         UADD22LB
;__Lib_Math.c,1323 :: 		
0x0256	0x5E08      	SUBWF       R8, 1, 0
;__Lib_Math.c,1324 :: 		
0x0258	0x5005      	MOVF        R5, 0, 0
;__Lib_Math.c,1325 :: 		
0x025A	0xA0D8      	BTFSS       STATUS, 0, 0
;__Lib_Math.c,1326 :: 		
0x025C	0x3C05      	INCFSZ      R5, 0, 0
;__Lib_Math.c,1327 :: 		
0x025E	0x5E09      	SUBWF       R9, 1, 0
;__Lib_Math.c,1328 :: 		
0x0260	0x5006      	MOVF        R6, 0, 0
;__Lib_Math.c,1329 :: 		
0x0262	0xA0D8      	BTFSS       STATUS, 0, 0
;__Lib_Math.c,1330 :: 		
0x0264	0x3C06      	INCFSZ      R6, 0, 0
;__Lib_Math.c,1331 :: 		
0x0266	0x5E0A      	SUBWF       R10, 1, 0
;__Lib_Math.c,1332 :: 		
0x0268	0x5007      	MOVF        R7, 0, 0
;__Lib_Math.c,1333 :: 		
0x026A	0xA0D8      	BTFSS       STATUS, 0, 0
;__Lib_Math.c,1334 :: 		
0x026C	0x3C07      	INCFSZ      R7, 0, 0
;__Lib_Math.c,1335 :: 		
0x026E	0x5E0B      	SUBWF       R11, 1, 0
;__Lib_Math.c,1336 :: 		
0x0270	0x6AE8      	CLRF        WREG, 0
;__Lib_Math.c,1337 :: 		
0x0272	0xA0D8      	BTFSS       STATUS, 0, 0
;__Lib_Math.c,1338 :: 		
0x0274	0x0E01      	MOVLW       1
;__Lib_Math.c,1339 :: 		
0x0276	0x5E0E      	SUBWF       R14, 1, 0
;__Lib_Math.c,1340 :: 		
0x0278	0xD011      	BRA         UOK22LB
;__Lib_Math.c,1342 :: 		
UADD22LB:
;__Lib_Math.c,1343 :: 		
0x027A	0x2608      	ADDWF       R8, 1, 0
;__Lib_Math.c,1344 :: 		
0x027C	0x5005      	MOVF        R5, 0, 0
;__Lib_Math.c,1345 :: 		
0x027E	0xB0D8      	BTFSC       STATUS, 0, 0
;__Lib_Math.c,1346 :: 		
0x0280	0x3C05      	INCFSZ      R5, 0, 0
;__Lib_Math.c,1347 :: 		
0x0282	0x2609      	ADDWF       R9, 1, 0
;__Lib_Math.c,1348 :: 		
0x0284	0x5006      	MOVF        R6, 0, 0
;__Lib_Math.c,1349 :: 		
0x0286	0xB0D8      	BTFSC       STATUS, 0, 0
;__Lib_Math.c,1350 :: 		
0x0288	0x3C06      	INCFSZ      R6, 0, 0
;__Lib_Math.c,1351 :: 		
0x028A	0x260A      	ADDWF       R10, 1, 0
;__Lib_Math.c,1352 :: 		
0x028C	0x5007      	MOVF        R7, 0, 0
;__Lib_Math.c,1353 :: 		
0x028E	0xB0D8      	BTFSC       STATUS, 0, 0
;__Lib_Math.c,1354 :: 		
0x0290	0x3C07      	INCFSZ      R7, 0, 0
;__Lib_Math.c,1355 :: 		
0x0292	0x260B      	ADDWF       R11, 1, 0
;__Lib_Math.c,1356 :: 		
0x0294	0x6AE8      	CLRF        WREG, 0
;__Lib_Math.c,1357 :: 		
0x0296	0xB0D8      	BTFSC       STATUS, 0, 0
;__Lib_Math.c,1358 :: 		
0x0298	0x0E01      	MOVLW       1
;__Lib_Math.c,1359 :: 		
0x029A	0x260E      	ADDWF       R14, 1, 0
;__Lib_Math.c,1361 :: 		
UOK22LB:
;__Lib_Math.c,1362 :: 		
0x029C	0x3602      	RLCF        R2, 1, 0
;__Lib_Math.c,1364 :: 		
0x029E	0x2E0C      	DECFSZ      R12, 1, 0
;__Lib_Math.c,1365 :: 		
0x02A0	0xD7D1      	BRA         LOOPU3232B
;__Lib_Math.c,1367 :: 		
0x02A2	0x3401      	RLCF        R1, 0, 0
;__Lib_Math.c,1368 :: 		
0x02A4	0x3608      	RLCF        R8, 1, 0
;__Lib_Math.c,1369 :: 		
0x02A6	0x3609      	RLCF        R9, 1, 0
;__Lib_Math.c,1370 :: 		
0x02A8	0x360A      	RLCF        R10, 1, 0
;__Lib_Math.c,1371 :: 		
0x02AA	0x360B      	RLCF        R11, 1, 0
;__Lib_Math.c,1372 :: 		
0x02AC	0x360E      	RLCF        R14, 1, 0
;__Lib_Math.c,1373 :: 		
0x02AE	0x5004      	MOVF        R4, 0, 0
;__Lib_Math.c,1374 :: 		
0x02B0	0xA002      	BTFSS       R2, 0, 0
;__Lib_Math.c,1375 :: 		
0x02B2	0xD012      	BRA         UADD22L16
;__Lib_Math.c,1377 :: 		
0x02B4	0x5E08      	SUBWF       R8, 1, 0
;__Lib_Math.c,1378 :: 		
0x02B6	0x5005      	MOVF        R5, 0, 0
;__Lib_Math.c,1379 :: 		
0x02B8	0xA0D8      	BTFSS       STATUS, 0, 0
;__Lib_Math.c,1380 :: 		
0x02BA	0x3C05      	INCFSZ      R5, 0, 0
;__Lib_Math.c,1381 :: 		
0x02BC	0x5E09      	SUBWF       R9, 1, 0
;__Lib_Math.c,1382 :: 		
0x02BE	0x5006      	MOVF        R6, 0, 0
;__Lib_Math.c,1383 :: 		
0x02C0	0xA0D8      	BTFSS       STATUS, 0, 0
;__Lib_Math.c,1384 :: 		
0x02C2	0x3C06      	INCFSZ      R6, 0, 0
;__Lib_Math.c,1385 :: 		
0x02C4	0x5E0A      	SUBWF       R10, 1, 0
;__Lib_Math.c,1386 :: 		
0x02C6	0x5007      	MOVF        R7, 0, 0
;__Lib_Math.c,1387 :: 		
0x02C8	0xA0D8      	BTFSS       STATUS, 0, 0
;__Lib_Math.c,1388 :: 		
0x02CA	0x3C07      	INCFSZ      R7, 0, 0
;__Lib_Math.c,1389 :: 		
0x02CC	0x5E0B      	SUBWF       R11, 1, 0
;__Lib_Math.c,1390 :: 		
0x02CE	0x6AE8      	CLRF        WREG, 0
;__Lib_Math.c,1391 :: 		
0x02D0	0xA0D8      	BTFSS       STATUS, 0, 0
;__Lib_Math.c,1392 :: 		
0x02D2	0x0E01      	MOVLW       1
;__Lib_Math.c,1393 :: 		
0x02D4	0x5E0E      	SUBWF       R14, 1, 0
;__Lib_Math.c,1394 :: 		
0x02D6	0xD011      	BRA         UOK22L16
;__Lib_Math.c,1396 :: 		
UADD22L16:
;__Lib_Math.c,1397 :: 		
0x02D8	0x2608      	ADDWF       R8, 1, 0
;__Lib_Math.c,1398 :: 		
0x02DA	0x5005      	MOVF        R5, 0, 0
;__Lib_Math.c,1399 :: 		
0x02DC	0xB0D8      	BTFSC       STATUS, 0, 0
;__Lib_Math.c,1400 :: 		
0x02DE	0x3C05      	INCFSZ      R5, 0, 0
;__Lib_Math.c,1401 :: 		
0x02E0	0x2609      	ADDWF       R9, 1, 0
;__Lib_Math.c,1402 :: 		
0x02E2	0x5006      	MOVF        R6, 0, 0
;__Lib_Math.c,1403 :: 		
0x02E4	0xB0D8      	BTFSC       STATUS, 0, 0
;__Lib_Math.c,1404 :: 		
0x02E6	0x3C06      	INCFSZ      R6, 0, 0
;__Lib_Math.c,1405 :: 		
0x02E8	0x260A      	ADDWF       R10, 1, 0
;__Lib_Math.c,1406 :: 		
0x02EA	0x5007      	MOVF        R7, 0, 0
;__Lib_Math.c,1407 :: 		
0x02EC	0xB0D8      	BTFSC       STATUS, 0, 0
;__Lib_Math.c,1408 :: 		
0x02EE	0x3C07      	INCFSZ      R7, 0, 0
;__Lib_Math.c,1409 :: 		
0x02F0	0x260B      	ADDWF       R11, 1, 0
;__Lib_Math.c,1410 :: 		
0x02F2	0x6AE8      	CLRF        WREG, 0
;__Lib_Math.c,1411 :: 		
0x02F4	0xB0D8      	BTFSC       STATUS, 0, 0
;__Lib_Math.c,1412 :: 		
0x02F6	0x0E01      	MOVLW       1
;__Lib_Math.c,1413 :: 		
0x02F8	0x260E      	ADDWF       R14, 1, 0
;__Lib_Math.c,1415 :: 		
UOK22L16:
;__Lib_Math.c,1416 :: 		
0x02FA	0x3601      	RLCF        R1, 1, 0
;__Lib_Math.c,1418 :: 		
0x02FC	0x0E07      	MOVLW       7
;__Lib_Math.c,1419 :: 		
0x02FE	0x6E0C      	MOVWF       R12, 0
;__Lib_Math.c,1421 :: 		
LOOPU3232C:
;__Lib_Math.c,1422 :: 		
0x0300	0x3401      	RLCF        R1, 0, 0
;__Lib_Math.c,1423 :: 		
0x0302	0x3608      	RLCF        R8, 1, 0
;__Lib_Math.c,1424 :: 		
0x0304	0x3609      	RLCF        R9, 1, 0
;__Lib_Math.c,1425 :: 		
0x0306	0x360A      	RLCF        R10, 1, 0
;__Lib_Math.c,1426 :: 		
0x0308	0x360B      	RLCF        R11, 1, 0
;__Lib_Math.c,1427 :: 		
0x030A	0x360E      	RLCF        R14, 1, 0
;__Lib_Math.c,1428 :: 		
0x030C	0x5004      	MOVF        R4, 0, 0
;__Lib_Math.c,1429 :: 		
0x030E	0xA001      	BTFSS       R1, 0, 0
;__Lib_Math.c,1430 :: 		
0x0310	0xD012      	BRA         UADD22LC
;__Lib_Math.c,1432 :: 		
0x0312	0x5E08      	SUBWF       R8, 1, 0
;__Lib_Math.c,1433 :: 		
0x0314	0x5005      	MOVF        R5, 0, 0
;__Lib_Math.c,1434 :: 		
0x0316	0xA0D8      	BTFSS       STATUS, 0, 0
;__Lib_Math.c,1435 :: 		
0x0318	0x3C05      	INCFSZ      R5, 0, 0
;__Lib_Math.c,1436 :: 		
0x031A	0x5E09      	SUBWF       R9, 1, 0
;__Lib_Math.c,1437 :: 		
0x031C	0x5006      	MOVF        R6, 0, 0
;__Lib_Math.c,1438 :: 		
0x031E	0xA0D8      	BTFSS       STATUS, 0, 0
;__Lib_Math.c,1439 :: 		
0x0320	0x3C06      	INCFSZ      R6, 0, 0
;__Lib_Math.c,1440 :: 		
0x0322	0x5E0A      	SUBWF       R10, 1, 0
;__Lib_Math.c,1441 :: 		
0x0324	0x5007      	MOVF        R7, 0, 0
;__Lib_Math.c,1442 :: 		
0x0326	0xA0D8      	BTFSS       STATUS, 0, 0
;__Lib_Math.c,1443 :: 		
0x0328	0x3C07      	INCFSZ      R7, 0, 0
;__Lib_Math.c,1444 :: 		
0x032A	0x5E0B      	SUBWF       R11, 1, 0
;__Lib_Math.c,1445 :: 		
0x032C	0x6AE8      	CLRF        WREG, 0
;__Lib_Math.c,1446 :: 		
0x032E	0xA0D8      	BTFSS       STATUS, 0, 0
;__Lib_Math.c,1447 :: 		
0x0330	0x0E01      	MOVLW       1
;__Lib_Math.c,1448 :: 		
0x0332	0x5E0E      	SUBWF       R14, 1, 0
;__Lib_Math.c,1449 :: 		
0x0334	0xD011      	BRA         UOK22LC
;__Lib_Math.c,1451 :: 		
UADD22LC:
;__Lib_Math.c,1452 :: 		
0x0336	0x2608      	ADDWF       R8, 1, 0
;__Lib_Math.c,1453 :: 		
0x0338	0x5005      	MOVF        R5, 0, 0
;__Lib_Math.c,1454 :: 		
0x033A	0xB0D8      	BTFSC       STATUS, 0, 0
;__Lib_Math.c,1455 :: 		
0x033C	0x3C05      	INCFSZ      R5, 0, 0
;__Lib_Math.c,1456 :: 		
0x033E	0x2609      	ADDWF       R9, 1, 0
;__Lib_Math.c,1457 :: 		
0x0340	0x5006      	MOVF        R6, 0, 0
;__Lib_Math.c,1458 :: 		
0x0342	0xB0D8      	BTFSC       STATUS, 0, 0
;__Lib_Math.c,1459 :: 		
0x0344	0x3C06      	INCFSZ      R6, 0, 0
;__Lib_Math.c,1460 :: 		
0x0346	0x260A      	ADDWF       R10, 1, 0
;__Lib_Math.c,1461 :: 		
0x0348	0x5007      	MOVF        R7, 0, 0
;__Lib_Math.c,1462 :: 		
0x034A	0xB0D8      	BTFSC       STATUS, 0, 0
;__Lib_Math.c,1463 :: 		
0x034C	0x3C07      	INCFSZ      R7, 0, 0
;__Lib_Math.c,1464 :: 		
0x034E	0x260B      	ADDWF       R11, 1, 0
;__Lib_Math.c,1465 :: 		
0x0350	0x6AE8      	CLRF        WREG, 0
;__Lib_Math.c,1466 :: 		
0x0352	0xB0D8      	BTFSC       STATUS, 0, 0
;__Lib_Math.c,1467 :: 		
0x0354	0x0E01      	MOVLW       1
;__Lib_Math.c,1468 :: 		
0x0356	0x260E      	ADDWF       R14, 1, 0
;__Lib_Math.c,1470 :: 		
UOK22LC:
;__Lib_Math.c,1471 :: 		
0x0358	0x3601      	RLCF        R1, 1, 0
;__Lib_Math.c,1473 :: 		
0x035A	0x2E0C      	DECFSZ      R12, 1, 0
;__Lib_Math.c,1474 :: 		
0x035C	0xD7D1      	BRA         LOOPU3232C
;__Lib_Math.c,1476 :: 		
0x035E	0x3400      	RLCF        R0, 0, 0
;__Lib_Math.c,1477 :: 		
0x0360	0x3608      	RLCF        R8, 1, 0
;__Lib_Math.c,1478 :: 		
0x0362	0x3609      	RLCF        R9, 1, 0
;__Lib_Math.c,1479 :: 		
0x0364	0x360A      	RLCF        R10, 1, 0
;__Lib_Math.c,1480 :: 		
0x0366	0x360B      	RLCF        R11, 1, 0
;__Lib_Math.c,1481 :: 		
0x0368	0x360E      	RLCF        R14, 1, 0
;__Lib_Math.c,1482 :: 		
0x036A	0x5004      	MOVF        R4, 0, 0
;__Lib_Math.c,1483 :: 		
0x036C	0xA001      	BTFSS       R1, 0, 0
;__Lib_Math.c,1484 :: 		
0x036E	0xD012      	BRA         UADD22L24
;__Lib_Math.c,1486 :: 		
0x0370	0x5E08      	SUBWF       R8, 1, 0
;__Lib_Math.c,1487 :: 		
0x0372	0x5005      	MOVF        R5, 0, 0
;__Lib_Math.c,1488 :: 		
0x0374	0xA0D8      	BTFSS       STATUS, 0, 0
;__Lib_Math.c,1489 :: 		
0x0376	0x3C05      	INCFSZ      R5, 0, 0
;__Lib_Math.c,1490 :: 		
0x0378	0x5E09      	SUBWF       R9, 1, 0
;__Lib_Math.c,1491 :: 		
0x037A	0x5006      	MOVF        R6, 0, 0
;__Lib_Math.c,1492 :: 		
0x037C	0xA0D8      	BTFSS       STATUS, 0, 0
;__Lib_Math.c,1493 :: 		
0x037E	0x3C06      	INCFSZ      R6, 0, 0
;__Lib_Math.c,1494 :: 		
0x0380	0x5E0A      	SUBWF       R10, 1, 0
;__Lib_Math.c,1495 :: 		
0x0382	0x5007      	MOVF        R7, 0, 0
;__Lib_Math.c,1496 :: 		
0x0384	0xA0D8      	BTFSS       STATUS, 0, 0
;__Lib_Math.c,1497 :: 		
0x0386	0x3C07      	INCFSZ      R7, 0, 0
;__Lib_Math.c,1498 :: 		
0x0388	0x5E0B      	SUBWF       R11, 1, 0
;__Lib_Math.c,1499 :: 		
0x038A	0x6AE8      	CLRF        WREG, 0
;__Lib_Math.c,1500 :: 		
0x038C	0xA0D8      	BTFSS       STATUS, 0, 0
;__Lib_Math.c,1501 :: 		
0x038E	0x0E01      	MOVLW       1
;__Lib_Math.c,1502 :: 		
0x0390	0x5E0E      	SUBWF       R14, 1, 0
;__Lib_Math.c,1503 :: 		
0x0392	0xD011      	BRA         UOK22L24
;__Lib_Math.c,1505 :: 		
UADD22L24:
;__Lib_Math.c,1506 :: 		
0x0394	0x2608      	ADDWF       R8, 1, 0
;__Lib_Math.c,1507 :: 		
0x0396	0x5005      	MOVF        R5, 0, 0
;__Lib_Math.c,1508 :: 		
0x0398	0xB0D8      	BTFSC       STATUS, 0, 0
;__Lib_Math.c,1509 :: 		
0x039A	0x3C05      	INCFSZ      R5, 0, 0
;__Lib_Math.c,1510 :: 		
0x039C	0x2609      	ADDWF       R9, 1, 0
;__Lib_Math.c,1511 :: 		
0x039E	0x5006      	MOVF        R6, 0, 0
;__Lib_Math.c,1512 :: 		
0x03A0	0xB0D8      	BTFSC       STATUS, 0, 0
;__Lib_Math.c,1513 :: 		
0x03A2	0x3C06      	INCFSZ      R6, 0, 0
;__Lib_Math.c,1514 :: 		
0x03A4	0x260A      	ADDWF       R10, 1, 0
;__Lib_Math.c,1515 :: 		
0x03A6	0x5007      	MOVF        R7, 0, 0
;__Lib_Math.c,1516 :: 		
0x03A8	0xB0D8      	BTFSC       STATUS, 0, 0
;__Lib_Math.c,1517 :: 		
0x03AA	0x3C07      	INCFSZ      R7, 0, 0
;__Lib_Math.c,1518 :: 		
0x03AC	0x260B      	ADDWF       R11, 1, 0
;__Lib_Math.c,1519 :: 		
0x03AE	0x6AE8      	CLRF        WREG, 0
;__Lib_Math.c,1520 :: 		
0x03B0	0xB0D8      	BTFSC       STATUS, 0, 0
;__Lib_Math.c,1521 :: 		
0x03B2	0x0E01      	MOVLW       1
;__Lib_Math.c,1522 :: 		
0x03B4	0x260E      	ADDWF       R14, 1, 0
;__Lib_Math.c,1524 :: 		
UOK22L24:
;__Lib_Math.c,1525 :: 		
0x03B6	0x3600      	RLCF        R0, 1, 0
;__Lib_Math.c,1527 :: 		
0x03B8	0x0E07      	MOVLW       7
;__Lib_Math.c,1528 :: 		
0x03BA	0x6E0C      	MOVWF       R12, 0
;__Lib_Math.c,1530 :: 		
LOOPU3232D:
;__Lib_Math.c,1531 :: 		
0x03BC	0x3400      	RLCF        R0, 0, 0
;__Lib_Math.c,1532 :: 		
0x03BE	0x3608      	RLCF        R8, 1, 0
;__Lib_Math.c,1533 :: 		
0x03C0	0x3609      	RLCF        R9, 1, 0
;__Lib_Math.c,1534 :: 		
0x03C2	0x360A      	RLCF        R10, 1, 0
;__Lib_Math.c,1535 :: 		
0x03C4	0x360B      	RLCF        R11, 1, 0
;__Lib_Math.c,1536 :: 		
0x03C6	0x360E      	RLCF        R14, 1, 0
;__Lib_Math.c,1537 :: 		
0x03C8	0x5004      	MOVF        R4, 0, 0
;__Lib_Math.c,1538 :: 		
0x03CA	0xA000      	BTFSS       R0, 0, 0
;__Lib_Math.c,1539 :: 		
0x03CC	0xD012      	BRA         UADD22LD
;__Lib_Math.c,1541 :: 		
0x03CE	0x5E08      	SUBWF       R8, 1, 0
;__Lib_Math.c,1542 :: 		
0x03D0	0x5005      	MOVF        R5, 0, 0
;__Lib_Math.c,1543 :: 		
0x03D2	0xA0D8      	BTFSS       STATUS, 0, 0
;__Lib_Math.c,1544 :: 		
0x03D4	0x3C05      	INCFSZ      R5, 0, 0
;__Lib_Math.c,1545 :: 		
0x03D6	0x5E09      	SUBWF       R9, 1, 0
;__Lib_Math.c,1546 :: 		
0x03D8	0x5006      	MOVF        R6, 0, 0
;__Lib_Math.c,1547 :: 		
0x03DA	0xA0D8      	BTFSS       STATUS, 0, 0
;__Lib_Math.c,1548 :: 		
0x03DC	0x3C06      	INCFSZ      R6, 0, 0
;__Lib_Math.c,1549 :: 		
0x03DE	0x5E0A      	SUBWF       R10, 1, 0
;__Lib_Math.c,1550 :: 		
0x03E0	0x5007      	MOVF        R7, 0, 0
;__Lib_Math.c,1551 :: 		
0x03E2	0xA0D8      	BTFSS       STATUS, 0, 0
;__Lib_Math.c,1552 :: 		
0x03E4	0x3C07      	INCFSZ      R7, 0, 0
;__Lib_Math.c,1553 :: 		
0x03E6	0x5E0B      	SUBWF       R11, 1, 0
;__Lib_Math.c,1554 :: 		
0x03E8	0x6AE8      	CLRF        WREG, 0
;__Lib_Math.c,1555 :: 		
0x03EA	0xA0D8      	BTFSS       STATUS, 0, 0
;__Lib_Math.c,1556 :: 		
0x03EC	0x0E01      	MOVLW       1
;__Lib_Math.c,1557 :: 		
0x03EE	0x5E0E      	SUBWF       R14, 1, 0
;__Lib_Math.c,1558 :: 		
0x03F0	0xD011      	BRA         UOK22LD
;__Lib_Math.c,1560 :: 		
UADD22LD:
;__Lib_Math.c,1561 :: 		
0x03F2	0x2608      	ADDWF       R8, 1, 0
;__Lib_Math.c,1562 :: 		
0x03F4	0x5005      	MOVF        R5, 0, 0
;__Lib_Math.c,1563 :: 		
0x03F6	0xB0D8      	BTFSC       STATUS, 0, 0
;__Lib_Math.c,1564 :: 		
0x03F8	0x3C05      	INCFSZ      R5, 0, 0
;__Lib_Math.c,1565 :: 		
0x03FA	0x2609      	ADDWF       R9, 1, 0
;__Lib_Math.c,1566 :: 		
0x03FC	0x5006      	MOVF        R6, 0, 0
;__Lib_Math.c,1567 :: 		
0x03FE	0xB0D8      	BTFSC       STATUS, 0, 0
;__Lib_Math.c,1568 :: 		
0x0400	0x3C06      	INCFSZ      R6, 0, 0
;__Lib_Math.c,1569 :: 		
0x0402	0x260A      	ADDWF       R10, 1, 0
;__Lib_Math.c,1570 :: 		
0x0404	0x5007      	MOVF        R7, 0, 0
;__Lib_Math.c,1571 :: 		
0x0406	0xB0D8      	BTFSC       STATUS, 0, 0
;__Lib_Math.c,1572 :: 		
0x0408	0x3C07      	INCFSZ      R7, 0, 0
;__Lib_Math.c,1573 :: 		
0x040A	0x260B      	ADDWF       R11, 1, 0
;__Lib_Math.c,1574 :: 		
0x040C	0x6AE8      	CLRF        WREG, 0
;__Lib_Math.c,1575 :: 		
0x040E	0xB0D8      	BTFSC       STATUS, 0, 0
;__Lib_Math.c,1576 :: 		
0x0410	0x0E01      	MOVLW       1
;__Lib_Math.c,1577 :: 		
0x0412	0x260E      	ADDWF       R14, 1, 0
;__Lib_Math.c,1579 :: 		
UOK22LD:
;__Lib_Math.c,1580 :: 		
0x0414	0x3600      	RLCF        R0, 1, 0
;__Lib_Math.c,1582 :: 		
0x0416	0x2E0C      	DECFSZ      R12, 1, 0
;__Lib_Math.c,1583 :: 		
0x0418	0xD7D1      	BRA         LOOPU3232D
;__Lib_Math.c,1585 :: 		
0x041A	0xB000      	BTFSC       R0, 0, 0
;__Lib_Math.c,1586 :: 		
0x041C	0xD00E      	BRA         UOK22L
;__Lib_Math.c,1587 :: 		
0x041E	0x5004      	MOVF        R4, 0, 0
;__Lib_Math.c,1588 :: 		
0x0420	0x2608      	ADDWF       R8, 1, 0
;__Lib_Math.c,1589 :: 		
0x0422	0x5005      	MOVF        R5, 0, 0
;__Lib_Math.c,1590 :: 		
0x0424	0xB0D8      	BTFSC       STATUS, 0, 0
;__Lib_Math.c,1591 :: 		
0x0426	0x3C05      	INCFSZ      R5, 0, 0
;__Lib_Math.c,1592 :: 		
0x0428	0x2609      	ADDWF       R9, 1, 0
;__Lib_Math.c,1593 :: 		
0x042A	0x5006      	MOVF        R6, 0, 0
;__Lib_Math.c,1594 :: 		
0x042C	0xB0D8      	BTFSC       STATUS, 0, 0
;__Lib_Math.c,1595 :: 		
0x042E	0x3C06      	INCFSZ      R6, 0, 0
;__Lib_Math.c,1596 :: 		
0x0430	0x260A      	ADDWF       R10, 1, 0
;__Lib_Math.c,1597 :: 		
0x0432	0x5007      	MOVF        R7, 0, 0
;__Lib_Math.c,1598 :: 		
0x0434	0xB0D8      	BTFSC       STATUS, 0, 0
;__Lib_Math.c,1599 :: 		
0x0436	0x3C07      	INCFSZ      R7, 0, 0
;__Lib_Math.c,1600 :: 		
0x0438	0x260B      	ADDWF       R11, 1, 0
;__Lib_Math.c,1602 :: 		
UOK22L:
;__Lib_Math.c,1604 :: 		
0x043A	0x0012      	RETURN      0
; end of _Div_32x32_U
_Lcd_Init:
;__Lib_Lcd.c,84 :: 		
;__Lib_Lcd.c,86 :: 		
0x043C	0x9E94      	BCF         LCD_EN_Direction, BitPos(LCD_EN_Direction+0) 
;__Lib_Lcd.c,87 :: 		
0x043E	0x9C94      	BCF         LCD_RS_Direction, BitPos(LCD_RS_Direction+0) 
;__Lib_Lcd.c,88 :: 		
0x0440	0x9893      	BCF         LCD_D4_Direction, BitPos(LCD_D4_Direction+0) 
;__Lib_Lcd.c,89 :: 		
0x0442	0x9A93      	BCF         LCD_D5_Direction, BitPos(LCD_D5_Direction+0) 
;__Lib_Lcd.c,90 :: 		
0x0444	0x9C93      	BCF         LCD_D6_Direction, BitPos(LCD_D6_Direction+0) 
;__Lib_Lcd.c,91 :: 		
0x0446	0x9E93      	BCF         LCD_D7_Direction, BitPos(LCD_D7_Direction+0) 
;__Lib_Lcd.c,93 :: 		
0x0448	0x9E82      	BCF         LCD_EN, BitPos(LCD_EN+0) 
;__Lib_Lcd.c,94 :: 		
0x044A	0x9C82      	BCF         LCD_RS, BitPos(LCD_RS+0) 
;__Lib_Lcd.c,95 :: 		
0x044C	0x9E81      	BCF         LCD_D7, BitPos(LCD_D7+0) 
;__Lib_Lcd.c,96 :: 		
0x044E	0x9C81      	BCF         LCD_D6, BitPos(LCD_D6+0) 
;__Lib_Lcd.c,97 :: 		
0x0450	0x9A81      	BCF         LCD_D5, BitPos(LCD_D5+0) 
;__Lib_Lcd.c,98 :: 		
0x0452	0x9881      	BCF         LCD_D4, BitPos(LCD_D4+0) 
;__Lib_Lcd.c,100 :: 		
0x0454	0xDDEA      	RCALL       _Delay_5500us
;__Lib_Lcd.c,101 :: 		
0x0456	0xDDE9      	RCALL       _Delay_5500us
;__Lib_Lcd.c,102 :: 		
0x0458	0xDDE8      	RCALL       _Delay_5500us
;__Lib_Lcd.c,105 :: 		
0x045A	0x8A81      	BSF         LCD_D5, BitPos(LCD_D5+0) 
;__Lib_Lcd.c,106 :: 		
0x045C	0x8881      	BSF         LCD_D4, BitPos(LCD_D4+0) 
;__Lib_Lcd.c,107 :: 		
0x045E	0x8E82      	BSF         LCD_EN, BitPos(LCD_EN+0) 
;__Lib_Lcd.c,108 :: 		
0x0460	0xDDDD      	RCALL       _Delay_1us
;__Lib_Lcd.c,109 :: 		
0x0462	0x9E82      	BCF         LCD_EN, BitPos(LCD_EN+0) 
;__Lib_Lcd.c,110 :: 		
0x0464	0xDDE2      	RCALL       _Delay_5500us
;__Lib_Lcd.c,112 :: 		
0x0466	0x8E82      	BSF         LCD_EN, BitPos(LCD_EN+0) 
;__Lib_Lcd.c,113 :: 		
0x0468	0xDDD9      	RCALL       _Delay_1us
;__Lib_Lcd.c,114 :: 		
0x046A	0x9E82      	BCF         LCD_EN, BitPos(LCD_EN+0) 
;__Lib_Lcd.c,115 :: 		
0x046C	0xDDDE      	RCALL       _Delay_5500us
;__Lib_Lcd.c,117 :: 		
0x046E	0x8E82      	BSF         LCD_EN, BitPos(LCD_EN+0) 
;__Lib_Lcd.c,118 :: 		
0x0470	0xDDD5      	RCALL       _Delay_1us
;__Lib_Lcd.c,119 :: 		
0x0472	0x9E82      	BCF         LCD_EN, BitPos(LCD_EN+0) 
;__Lib_Lcd.c,120 :: 		
0x0474	0xDDDA      	RCALL       _Delay_5500us
;__Lib_Lcd.c,123 :: 		
0x0476	0x9881      	BCF         LCD_D4, BitPos(LCD_D4+0) 
;__Lib_Lcd.c,124 :: 		
0x0478	0x8E82      	BSF         LCD_EN, BitPos(LCD_EN+0) 
;__Lib_Lcd.c,125 :: 		
0x047A	0xDDD0      	RCALL       _Delay_1us
;__Lib_Lcd.c,126 :: 		
0x047C	0x9E82      	BCF         LCD_EN, BitPos(LCD_EN+0) 
;__Lib_Lcd.c,127 :: 		
0x047E	0xDDD5      	RCALL       _Delay_5500us
;__Lib_Lcd.c,130 :: 		
0x0480	0x8E82      	BSF         LCD_EN, BitPos(LCD_EN+0) 
;__Lib_Lcd.c,131 :: 		
0x0482	0xDDCC      	RCALL       _Delay_1us
;__Lib_Lcd.c,132 :: 		
0x0484	0x9E82      	BCF         LCD_EN, BitPos(LCD_EN+0) 
;__Lib_Lcd.c,134 :: 		
0x0486	0x9A81      	BCF         LCD_D5, BitPos(LCD_D5+0) 
;__Lib_Lcd.c,135 :: 		
0x0488	0x8E81      	BSF         LCD_D7, BitPos(LCD_D7+0) 
;__Lib_Lcd.c,136 :: 		
0x048A	0x8E82      	BSF         LCD_EN, BitPos(LCD_EN+0) 
;__Lib_Lcd.c,137 :: 		
0x048C	0xDDC7      	RCALL       _Delay_1us
;__Lib_Lcd.c,138 :: 		
0x048E	0x9E82      	BCF         LCD_EN, BitPos(LCD_EN+0) 
;__Lib_Lcd.c,139 :: 		
0x0490	0xDDCC      	RCALL       _Delay_5500us
;__Lib_Lcd.c,142 :: 		
0x0492	0x9E81      	BCF         LCD_D7, BitPos(LCD_D7+0) 
;__Lib_Lcd.c,143 :: 		
0x0494	0x8881      	BSF         LCD_D4, BitPos(LCD_D4+0) 
;__Lib_Lcd.c,144 :: 		
0x0496	0x8E82      	BSF         LCD_EN, BitPos(LCD_EN+0) 
;__Lib_Lcd.c,145 :: 		
0x0498	0xDDC1      	RCALL       _Delay_1us
;__Lib_Lcd.c,146 :: 		
0x049A	0x9E82      	BCF         LCD_EN, BitPos(LCD_EN+0) 
;__Lib_Lcd.c,148 :: 		
0x049C	0x9881      	BCF         LCD_D4, BitPos(LCD_D4+0) 
;__Lib_Lcd.c,149 :: 		
0x049E	0x8E82      	BSF         LCD_EN, BitPos(LCD_EN+0) 
;__Lib_Lcd.c,150 :: 		
0x04A0	0xDDBD      	RCALL       _Delay_1us
;__Lib_Lcd.c,151 :: 		
0x04A2	0x9E82      	BCF         LCD_EN, BitPos(LCD_EN+0) 
;__Lib_Lcd.c,152 :: 		
0x04A4	0xDDC2      	RCALL       _Delay_5500us
;__Lib_Lcd.c,155 :: 		
0x04A6	0x8E82      	BSF         LCD_EN, BitPos(LCD_EN+0) 
;__Lib_Lcd.c,156 :: 		
0x04A8	0xDDB9      	RCALL       _Delay_1us
;__Lib_Lcd.c,157 :: 		
0x04AA	0x9E82      	BCF         LCD_EN, BitPos(LCD_EN+0) 
;__Lib_Lcd.c,159 :: 		
0x04AC	0x8881      	BSF         LCD_D4, BitPos(LCD_D4+0) 
;__Lib_Lcd.c,160 :: 		
0x04AE	0x8E82      	BSF         LCD_EN, BitPos(LCD_EN+0) 
;__Lib_Lcd.c,161 :: 		
0x04B0	0xDDB5      	RCALL       _Delay_1us
;__Lib_Lcd.c,162 :: 		
0x04B2	0x9E82      	BCF         LCD_EN, BitPos(LCD_EN+0) 
;__Lib_Lcd.c,163 :: 		
0x04B4	0xDDBA      	RCALL       _Delay_5500us
;__Lib_Lcd.c,166 :: 		
0x04B6	0x9881      	BCF         LCD_D4, BitPos(LCD_D4+0) 
;__Lib_Lcd.c,167 :: 		
0x04B8	0x8E82      	BSF         LCD_EN, BitPos(LCD_EN+0) 
;__Lib_Lcd.c,168 :: 		
0x04BA	0xDDB0      	RCALL       _Delay_1us
;__Lib_Lcd.c,169 :: 		
0x04BC	0x9E82      	BCF         LCD_EN, BitPos(LCD_EN+0) 
;__Lib_Lcd.c,171 :: 		
0x04BE	0x8E81      	BSF         LCD_D7, BitPos(LCD_D7+0) 
;__Lib_Lcd.c,172 :: 		
0x04C0	0x8C81      	BSF         LCD_D6, BitPos(LCD_D6+0) 
;__Lib_Lcd.c,173 :: 		
0x04C2	0x8A81      	BSF         LCD_D5, BitPos(LCD_D5+0) 
;__Lib_Lcd.c,174 :: 		
0x04C4	0x8881      	BSF         LCD_D4, BitPos(LCD_D4+0) 
;__Lib_Lcd.c,175 :: 		
0x04C6	0x8E82      	BSF         LCD_EN, BitPos(LCD_EN+0) 
;__Lib_Lcd.c,176 :: 		
0x04C8	0xDDA9      	RCALL       _Delay_1us
;__Lib_Lcd.c,177 :: 		
0x04CA	0x9E82      	BCF         LCD_EN, BitPos(LCD_EN+0) 
;__Lib_Lcd.c,179 :: 		
0x04CC	0xDDAE      	RCALL       _Delay_5500us
;__Lib_Lcd.c,181 :: 		
0x04CE	0x8030      	BSF         __Lib_Lcd_cmd_status, BitPos(__Lib_Lcd_cmd_status+0) 
;__Lib_Lcd.c,182 :: 		
0x04D0	0x0012      	RETURN      0
; end of _Lcd_Init
___CC2DW:
;__Lib_System.c,21 :: 		
;__Lib_System.c,23 :: 		
_CC2DL_Loop1:
;__Lib_System.c,24 :: 		
0x04D2	0x0009      	TBLRD*+
;__Lib_System.c,25 :: 		
0x04D4	0xFFE6CFF5  	MOVFF       TABLAT, POSTINC1
;__Lib_System.c,26 :: 		
0x04D8	0x0600      	DECF        R0, 1, 0
;__Lib_System.c,27 :: 		
0x04DA	0xE1FB      	BNZ         _CC2DL_Loop1
;__Lib_System.c,28 :: 		
0x04DC	0x0601      	DECF        R1, 1, 0
;__Lib_System.c,29 :: 		
0x04DE	0xE1F9      	BNZ         _CC2DL_Loop1
;__Lib_System.c,31 :: 		
0x04E0	0x0012      	RETURN      0
; end of ___CC2DW
_Display_RPM:
;DigitalTachometer.c,34 :: 		void Display_RPM(unsigned long num){
;DigitalTachometer.c,35 :: 		RPM[0] = num/10000 + 48;
0x04E2	0xF035C01F  	MOVFF       _RPM, FLOC__Display_RPM
0x04E6	0xF036C020  	MOVFF       _RPM+1, FLOC__Display_RPM+1
0x04EA	0x0E10      	MOVLW       16
0x04EC	0x6E04      	MOVWF       R4 
0x04EE	0x0E27      	MOVLW       39
0x04F0	0x6E05      	MOVWF       R5 
0x04F2	0x0E00      	MOVLW       0
0x04F4	0x6E06      	MOVWF       R6 
0x04F6	0x6E07      	MOVWF       R7 
0x04F8	0xF000C031  	MOVFF       FARG_Display_RPM_num, R0
0x04FC	0xF001C032  	MOVFF       FARG_Display_RPM_num+1, R1
0x0500	0xF002C033  	MOVFF       FARG_Display_RPM_num+2, R2
0x0504	0xF003C034  	MOVFF       FARG_Display_RPM_num+3, R3
0x0508	0xDE23      	RCALL       _Div_32x32_U
0x050A	0x0E30      	MOVLW       48
0x050C	0x2600      	ADDWF       R0, 1 
0x050E	0xFFE1C035  	MOVFF       FLOC__Display_RPM, FSR1L
0x0512	0xFFE2C036  	MOVFF       FLOC__Display_RPM+1, FSR1H
0x0516	0xFFE6C000  	MOVFF       R0, POSTINC1
;DigitalTachometer.c,36 :: 		RPM[1] = (num/1000)%10 + 48;
0x051A	0x0E01      	MOVLW       1
0x051C	0x241F      	ADDWF       _RPM, 0 
0x051E	0x6E35      	MOVWF       FLOC__Display_RPM 
0x0520	0x0E00      	MOVLW       0
0x0522	0x2020      	ADDWFC      _RPM+1, 0 
0x0524	0x6E36      	MOVWF       FLOC__Display_RPM+1 
0x0526	0x0EE8      	MOVLW       232
0x0528	0x6E04      	MOVWF       R4 
0x052A	0x0E03      	MOVLW       3
0x052C	0x6E05      	MOVWF       R5 
0x052E	0x0E00      	MOVLW       0
0x0530	0x6E06      	MOVWF       R6 
0x0532	0x6E07      	MOVWF       R7 
0x0534	0xF000C031  	MOVFF       FARG_Display_RPM_num, R0
0x0538	0xF001C032  	MOVFF       FARG_Display_RPM_num+1, R1
0x053C	0xF002C033  	MOVFF       FARG_Display_RPM_num+2, R2
0x0540	0xF003C034  	MOVFF       FARG_Display_RPM_num+3, R3
0x0544	0xDE05      	RCALL       _Div_32x32_U
0x0546	0x0E0A      	MOVLW       10
0x0548	0x6E04      	MOVWF       R4 
0x054A	0x0E00      	MOVLW       0
0x054C	0x6E05      	MOVWF       R5 
0x054E	0x6E06      	MOVWF       R6 
0x0550	0x6E07      	MOVWF       R7 
0x0552	0xDDFE      	RCALL       _Div_32x32_U
0x0554	0xF000C008  	MOVFF       R8, R0
0x0558	0xF001C009  	MOVFF       R9, R1
0x055C	0xF002C00A  	MOVFF       R10, R2
0x0560	0xF003C00B  	MOVFF       R11, R3
0x0564	0x0E30      	MOVLW       48
0x0566	0x2600      	ADDWF       R0, 1 
0x0568	0xFFE1C035  	MOVFF       FLOC__Display_RPM, FSR1L
0x056C	0xFFE2C036  	MOVFF       FLOC__Display_RPM+1, FSR1H
0x0570	0xFFE6C000  	MOVFF       R0, POSTINC1
;DigitalTachometer.c,37 :: 		RPM[2] = (num/100)%10 + 48;
0x0574	0x0E02      	MOVLW       2
0x0576	0x241F      	ADDWF       _RPM, 0 
0x0578	0x6E35      	MOVWF       FLOC__Display_RPM 
0x057A	0x0E00      	MOVLW       0
0x057C	0x2020      	ADDWFC      _RPM+1, 0 
0x057E	0x6E36      	MOVWF       FLOC__Display_RPM+1 
0x0580	0x0E64      	MOVLW       100
0x0582	0x6E04      	MOVWF       R4 
0x0584	0x0E00      	MOVLW       0
0x0586	0x6E05      	MOVWF       R5 
0x0588	0x6E06      	MOVWF       R6 
0x058A	0x6E07      	MOVWF       R7 
0x058C	0xF000C031  	MOVFF       FARG_Display_RPM_num, R0
0x0590	0xF001C032  	MOVFF       FARG_Display_RPM_num+1, R1
0x0594	0xF002C033  	MOVFF       FARG_Display_RPM_num+2, R2
0x0598	0xF003C034  	MOVFF       FARG_Display_RPM_num+3, R3
0x059C	0xDDD9      	RCALL       _Div_32x32_U
0x059E	0x0E0A      	MOVLW       10
0x05A0	0x6E04      	MOVWF       R4 
0x05A2	0x0E00      	MOVLW       0
0x05A4	0x6E05      	MOVWF       R5 
0x05A6	0x6E06      	MOVWF       R6 
0x05A8	0x6E07      	MOVWF       R7 
0x05AA	0xDDD2      	RCALL       _Div_32x32_U
0x05AC	0xF000C008  	MOVFF       R8, R0
0x05B0	0xF001C009  	MOVFF       R9, R1
0x05B4	0xF002C00A  	MOVFF       R10, R2
0x05B8	0xF003C00B  	MOVFF       R11, R3
0x05BC	0x0E30      	MOVLW       48
0x05BE	0x2600      	ADDWF       R0, 1 
0x05C0	0xFFE1C035  	MOVFF       FLOC__Display_RPM, FSR1L
0x05C4	0xFFE2C036  	MOVFF       FLOC__Display_RPM+1, FSR1H
0x05C8	0xFFE6C000  	MOVFF       R0, POSTINC1
;DigitalTachometer.c,38 :: 		RPM[3] = (num/10)%10 + 48;
0x05CC	0x0E03      	MOVLW       3
0x05CE	0x241F      	ADDWF       _RPM, 0 
0x05D0	0x6E35      	MOVWF       FLOC__Display_RPM 
0x05D2	0x0E00      	MOVLW       0
0x05D4	0x2020      	ADDWFC      _RPM+1, 0 
0x05D6	0x6E36      	MOVWF       FLOC__Display_RPM+1 
0x05D8	0x0E0A      	MOVLW       10
0x05DA	0x6E04      	MOVWF       R4 
0x05DC	0x0E00      	MOVLW       0
0x05DE	0x6E05      	MOVWF       R5 
0x05E0	0x6E06      	MOVWF       R6 
0x05E2	0x6E07      	MOVWF       R7 
0x05E4	0xF000C031  	MOVFF       FARG_Display_RPM_num, R0
0x05E8	0xF001C032  	MOVFF       FARG_Display_RPM_num+1, R1
0x05EC	0xF002C033  	MOVFF       FARG_Display_RPM_num+2, R2
0x05F0	0xF003C034  	MOVFF       FARG_Display_RPM_num+3, R3
0x05F4	0xDDAD      	RCALL       _Div_32x32_U
0x05F6	0x0E0A      	MOVLW       10
0x05F8	0x6E04      	MOVWF       R4 
0x05FA	0x0E00      	MOVLW       0
0x05FC	0x6E05      	MOVWF       R5 
0x05FE	0x6E06      	MOVWF       R6 
0x0600	0x6E07      	MOVWF       R7 
0x0602	0xDDA6      	RCALL       _Div_32x32_U
0x0604	0xF000C008  	MOVFF       R8, R0
0x0608	0xF001C009  	MOVFF       R9, R1
0x060C	0xF002C00A  	MOVFF       R10, R2
0x0610	0xF003C00B  	MOVFF       R11, R3
0x0614	0x0E30      	MOVLW       48
0x0616	0x2600      	ADDWF       R0, 1 
0x0618	0xFFE1C035  	MOVFF       FLOC__Display_RPM, FSR1L
0x061C	0xFFE2C036  	MOVFF       FLOC__Display_RPM+1, FSR1H
0x0620	0xFFE6C000  	MOVFF       R0, POSTINC1
;DigitalTachometer.c,39 :: 		RPM[4] = num%10 + 48;
0x0624	0x0E04      	MOVLW       4
0x0626	0x241F      	ADDWF       _RPM, 0 
0x0628	0x6E35      	MOVWF       FLOC__Display_RPM 
0x062A	0x0E00      	MOVLW       0
0x062C	0x2020      	ADDWFC      _RPM+1, 0 
0x062E	0x6E36      	MOVWF       FLOC__Display_RPM+1 
0x0630	0x0E0A      	MOVLW       10
0x0632	0x6E04      	MOVWF       R4 
0x0634	0x0E00      	MOVLW       0
0x0636	0x6E05      	MOVWF       R5 
0x0638	0x6E06      	MOVWF       R6 
0x063A	0x6E07      	MOVWF       R7 
0x063C	0xF000C031  	MOVFF       FARG_Display_RPM_num, R0
0x0640	0xF001C032  	MOVFF       FARG_Display_RPM_num+1, R1
0x0644	0xF002C033  	MOVFF       FARG_Display_RPM_num+2, R2
0x0648	0xF003C034  	MOVFF       FARG_Display_RPM_num+3, R3
0x064C	0xDD81      	RCALL       _Div_32x32_U
0x064E	0xF000C008  	MOVFF       R8, R0
0x0652	0xF001C009  	MOVFF       R9, R1
0x0656	0xF002C00A  	MOVFF       R10, R2
0x065A	0xF003C00B  	MOVFF       R11, R3
0x065E	0x0E30      	MOVLW       48
0x0660	0x2600      	ADDWF       R0, 1 
0x0662	0xFFE1C035  	MOVFF       FLOC__Display_RPM, FSR1L
0x0666	0xFFE2C036  	MOVFF       FLOC__Display_RPM+1, FSR1H
0x066A	0xFFE6C000  	MOVFF       R0, POSTINC1
;DigitalTachometer.c,40 :: 		Lcd_Out(2,4,RPM);
0x066E	0x0E02      	MOVLW       2
0x0670	0x6E37      	MOVWF       FARG_Lcd_Out_row 
0x0672	0x0E04      	MOVLW       4
0x0674	0x6E38      	MOVWF       FARG_Lcd_Out_column 
0x0676	0xF039C01F  	MOVFF       _RPM, FARG_Lcd_Out_text
0x067A	0xF03AC020  	MOVFF       _RPM+1, FARG_Lcd_Out_text+1
0x067E	0xDD2B      	RCALL       _Lcd_Out
;DigitalTachometer.c,41 :: 		}
0x0680	0x0012      	RETURN      0
; end of _Display_RPM
_Mul_16x16_U:
;__Lib_Math.c,437 :: 		
;__Lib_Math.c,444 :: 		
0x0682	0x6A0B      	CLRF        R11, 0
;__Lib_Math.c,445 :: 		
0x0684	0x6A0A      	CLRF        R10, 0
;__Lib_Math.c,446 :: 		
0x0686	0x6A09      	CLRF        R9, 0
;__Lib_Math.c,447 :: 		
0x0688	0x5000      	MOVF        R0, 0, 0
;__Lib_Math.c,448 :: 		
0x068A	0x0204      	MULWF       R4, 0
;__Lib_Math.c,450 :: 		
0x068C	0xF009CFF4  	MOVFF       PRODH, R9
;__Lib_Math.c,451 :: 		
0x0690	0xF008CFF3  	MOVFF       PRODL, R8
;__Lib_Math.c,452 :: 		
0x0694	0x5001      	MOVF        R1, 0, 0
;__Lib_Math.c,453 :: 		
0x0696	0x0205      	MULWF       R5, 0
;__Lib_Math.c,455 :: 		
0x0698	0xF00BCFF4  	MOVFF       PRODH, R11
;__Lib_Math.c,456 :: 		
0x069C	0xF00ACFF3  	MOVFF       PRODL, R10
;__Lib_Math.c,457 :: 		
0x06A0	0x5000      	MOVF        R0, 0, 0
;__Lib_Math.c,458 :: 		
0x06A2	0x0205      	MULWF       R5, 0
;__Lib_Math.c,460 :: 		
0x06A4	0x50F3      	MOVF        PRODL, 0, 0
;__Lib_Math.c,461 :: 		
0x06A6	0x2609      	ADDWF       R9, 1, 0
;__Lib_Math.c,462 :: 		
0x06A8	0x50F4      	MOVF        PRODH, 0, 0
;__Lib_Math.c,463 :: 		
0x06AA	0x220A      	ADDWFC      R10, 1, 0
;__Lib_Math.c,464 :: 		
0x06AC	0x6AE8      	CLRF        WREG, 0
;__Lib_Math.c,465 :: 		
0x06AE	0x220B      	ADDWFC      R11, 1, 0
;__Lib_Math.c,466 :: 		
0x06B0	0x5001      	MOVF        R1, 0, 0
;__Lib_Math.c,467 :: 		
0x06B2	0x0204      	MULWF       R4, 0
;__Lib_Math.c,469 :: 		
0x06B4	0x50F3      	MOVF        PRODL, 0, 0
;__Lib_Math.c,470 :: 		
0x06B6	0x2609      	ADDWF       R9, 1, 0
;__Lib_Math.c,471 :: 		
0x06B8	0x50F4      	MOVF        PRODH, 0, 0
;__Lib_Math.c,472 :: 		
0x06BA	0x220A      	ADDWFC      R10, 1, 0
;__Lib_Math.c,473 :: 		
0x06BC	0x6AE8      	CLRF        WREG, 0
;__Lib_Math.c,474 :: 		
0x06BE	0x220B      	ADDWFC      R11, 1, 0
;__Lib_Math.c,476 :: 		
0x06C0	0xF000C008  	MOVFF       R8, R0
;__Lib_Math.c,477 :: 		
0x06C4	0xF001C009  	MOVFF       R9, R1
;__Lib_Math.c,478 :: 		
0x06C8	0xF002C00A  	MOVFF       R10, R2
;__Lib_Math.c,479 :: 		
0x06CC	0xF003C00B  	MOVFF       R11, R3
;__Lib_Math.c,482 :: 		
0x06D0	0x0012      	RETURN      0
; end of _Mul_16x16_U
_main:
0x06D2	0xF003ECC6  	CALL        1932, 0
;DigitalTachometer.c,43 :: 		void main() {
;DigitalTachometer.c,44 :: 		CMCON = 0x07;   // Disable comparators
0x06D6	0x0E07      	MOVLW       7
0x06D8	0x6EB4      	MOVWF       CMCON 
;DigitalTachometer.c,45 :: 		ADCON1 = 0x0F;  // Disable Analog functions
0x06DA	0x0E0F      	MOVLW       15
0x06DC	0x6EC1      	MOVWF       ADCON1 
;DigitalTachometer.c,46 :: 		TRISC = 0x00;
0x06DE	0x6A94      	CLRF        TRISC 
;DigitalTachometer.c,47 :: 		TRISB = 0x00;
0x06E0	0x6A93      	CLRF        TRISB 
;DigitalTachometer.c,48 :: 		PORTA = 0x00;
0x06E2	0x6A80      	CLRF        PORTA 
;DigitalTachometer.c,49 :: 		TRISA = 0b00010000;
0x06E4	0x0E10      	MOVLW       16
0x06E6	0x6E92      	MOVWF       TRISA 
;DigitalTachometer.c,50 :: 		T0CON = 0b01101000; // TMR0 as 16-bit counter
0x06E8	0x0E68      	MOVLW       104
0x06EA	0x6ED5      	MOVWF       T0CON 
;DigitalTachometer.c,51 :: 		Lcd_Init();        // Initialize LCD
0x06EC	0xDEA7      	RCALL       _Lcd_Init
;DigitalTachometer.c,52 :: 		Lcd_Cmd(_LCD_CLEAR);             // CLEAR display
0x06EE	0x0E01      	MOVLW       1
0x06F0	0x6E3D      	MOVWF       FARG_Lcd_Cmd_out_char 
0x06F2	0xDCAD      	RCALL       _Lcd_Cmd
;DigitalTachometer.c,53 :: 		Lcd_Cmd(_LCD_CURSOR_OFF);        // Cursor off
0x06F4	0x0E0C      	MOVLW       12
0x06F6	0x6E3D      	MOVWF       FARG_Lcd_Cmd_out_char 
0x06F8	0xDCAA      	RCALL       _Lcd_Cmd
;DigitalTachometer.c,54 :: 		Lcd_Out(1,4,message1);            // Write message1 in 1st row
0x06FA	0x0E01      	MOVLW       1
0x06FC	0x6E37      	MOVWF       FARG_Lcd_Out_row 
0x06FE	0x0E04      	MOVLW       4
0x0700	0x6E38      	MOVWF       FARG_Lcd_Out_column 
0x0702	0x0E21      	MOVLW       _message1
0x0704	0x6E39      	MOVWF       FARG_Lcd_Out_text 
0x0706	0x0E00      	MOVLW       hi_addr(_message1)
0x0708	0x6E3A      	MOVWF       FARG_Lcd_Out_text+1 
0x070A	0xDCE5      	RCALL       _Lcd_Out
;DigitalTachometer.c,55 :: 		do {
L_main0:
;DigitalTachometer.c,57 :: 		T0CON.TMR0ON = 1;
0x070C	0x8ED5      	BSF         T0CON, 7 
;DigitalTachometer.c,58 :: 		TMR0L = 0;
0x070E	0x6AD6      	CLRF        TMR0L 
;DigitalTachometer.c,59 :: 		TMR0H = 0;
0x0710	0x6AD7      	CLRF        TMR0H 
;DigitalTachometer.c,60 :: 		IR_Tx = 1;
0x0712	0x8680      	BSF         RA3_bit, 3 
;DigitalTachometer.c,62 :: 		Delay_ms(1000); // Wait for 1 sec
0x0714	0x0E3D      	MOVLW       61
0x0716	0x6E0B      	MOVWF       R11, 0
0x0718	0x0EE1      	MOVLW       225
0x071A	0x6E0C      	MOVWF       R12, 0
0x071C	0x0E3F      	MOVLW       63
0x071E	0x6E0D      	MOVWF       R13, 0
L_main3:
0x0720	0x2E0D      	DECFSZ      R13, 1, 0
0x0722	0xD7FE      	BRA         L_main3
0x0724	0x2E0C      	DECFSZ      R12, 1, 0
0x0726	0xD7FC      	BRA         L_main3
0x0728	0x2E0B      	DECFSZ      R11, 1, 0
0x072A	0xD7FA      	BRA         L_main3
0x072C	0x0000      	NOP
0x072E	0x0000      	NOP
;DigitalTachometer.c,63 :: 		IR_Tx = 0;
0x0730	0x9680      	BCF         RA3_bit, 3 
;DigitalTachometer.c,64 :: 		T0CON.TMR0ON = 0;    // Stop the timer
0x0732	0x9ED5      	BCF         T0CON, 7 
;DigitalTachometer.c,65 :: 		RPM_Value = (256*TMR0H + TMR0L)*60;
0x0734	0xF001CFD7  	MOVFF       TMR0H, R1
0x0738	0x6A00      	CLRF        R0 
0x073A	0x50D6      	MOVF        TMR0L, 0 
0x073C	0x2600      	ADDWF       R0, 1 
0x073E	0x0E00      	MOVLW       0
0x0740	0x2201      	ADDWFC      R1, 1 
0x0742	0x0E3C      	MOVLW       60
0x0744	0x6E04      	MOVWF       R4 
0x0746	0x0E00      	MOVLW       0
0x0748	0x6E05      	MOVWF       R5 
0x074A	0xDF9B      	RCALL       _Mul_16x16_U
0x074C	0xF02CC000  	MOVFF       R0, _RPM_Value
0x0750	0xF02DC001  	MOVFF       R1, _RPM_Value+1
0x0754	0x0E00      	MOVLW       0
0x0756	0xBE01      	BTFSC       R1, 7 
0x0758	0x0EFF      	MOVLW       255
0x075A	0x6E2E      	MOVWF       _RPM_Value+2 
0x075C	0x6E2F      	MOVWF       _RPM_Value+3 
;DigitalTachometer.c,66 :: 		Display_RPM(RPM_Value);
0x075E	0xF031C02C  	MOVFF       _RPM_Value, FARG_Display_RPM_num
0x0762	0xF032C02D  	MOVFF       _RPM_Value+1, FARG_Display_RPM_num+1
0x0766	0xF033C02E  	MOVFF       _RPM_Value+2, FARG_Display_RPM_num+2
0x076A	0xF034C02F  	MOVFF       _RPM_Value+3, FARG_Display_RPM_num+3
0x076E	0xDEB9      	RCALL       _Display_RPM
;DigitalTachometer.c,67 :: 		} while(1);             // Infinite Loop
0x0770	0xD7CD      	BRA         L_main0
;DigitalTachometer.c,68 :: 		}
0x0772	0xD7FF      	BRA         $+0
; end of _main
0x078C	0xF015EE10  	LFSR        1, 21
0x0790	0x0E17      	MOVLW       23
0x0792	0x6E00      	MOVWF       R0 
0x0794	0x0E01      	MOVLW       1
0x0796	0x6E01      	MOVWF       R1 
0x0798	0x0E74      	MOVLW       116
0x079A	0x6EF6      	MOVWF       4086 
0x079C	0x0E07      	MOVLW       7
0x079E	0x6EF7      	MOVWF       TBLPTRH 
0x07A0	0x0E00      	MOVLW       0
0x07A2	0x6EF8      	MOVWF       TBLPTRU 
0x07A4	0xF002EC69  	CALL        1234, 0
0x07A8	0x0012      	RETURN      0
;DigitalTachometer.c,0 :: ?ICS?lstr1_DigitalTachometer
0x0774	0x3030 ;?ICS?lstr1_DigitalTachometer+0
0x0776	0x3030 ;?ICS?lstr1_DigitalTachometer+2
0x0778	0x2030 ;?ICS?lstr1_DigitalTachometer+4
0x077A	0x5052 ;?ICS?lstr1_DigitalTachometer+6
0x077C	0x004D ;?ICS?lstr1_DigitalTachometer+8
; end of ?ICS?lstr1_DigitalTachometer
;DigitalTachometer.c,0 :: ?ICS_RPM
0x077E	0x0015 ;?ICS_RPM+0
; end of ?ICS_RPM
;DigitalTachometer.c,0 :: ?ICS_message1
0x0780	0x6154 ;?ICS_message1+0
0x0782	0x6863 ;?ICS_message1+2
0x0784	0x6D6F ;?ICS_message1+4
0x0786	0x7465 ;?ICS_message1+6
0x0788	0x7265 ;?ICS_message1+8
0x078A	0x00 ;?ICS_message1+10
; end of ?ICS_message1
Symbol List:
//** Routines locations **
//ADDRESS    SIZE    PROCEDURE
//----------------------------------------------
0x001C      [14]    _Delay_1us
0x002A      [22]    _Delay_5500us
0x0040      [14]    _Delay_50us
0x004E     [124]    _Lcd_Cmd
0x00CA      [12]    _Lcd_Chr_CP
0x00D6     [122]    _Lcd_Out
0x0150     [748]    _Div_32x32_U
0x043C     [150]    _Lcd_Init
0x04D2      [16]    ___CC2DW
0x04E2     [416]    _Display_RPM
0x0682      [80]    _Mul_16x16_U
0x06D2     [162]    _main
//** Variables locations ** 
//ADDRESS    SIZE    VARIABLE
//----------------------------------------------
0x0000       [1]    FLASH_Erase_64_SaveINTCON_L0
0x0000       [1]    __Lib_SoftI2C_PutZerosToLATSda_temp_sda_L0
0x0000       [1]    UART1_Init_tmp_L0
0x0000       [1]    SPI1_Write_tmp_L0
0x0000       [1]    EEPROM_Write_SaveINTCON_L0
0x0000       [1]    __Lib_SoftI2C_PutZerosToLATScl_temp_scl_L0
0x0000       [1]    R0
0x0001       [1]    UART1_Read___tmp_UART1_Read_L0
0x0001       [1]    __Lib_PS2_Wait_Falling_nsample_L0
0x0001       [1]    I2C1_Rd_tmp_L0
0x0001       [1]    FLASH_Write_32_i_L0
0x0001       [1]    FLASH_Erase_Write_64_i_L0
0x0001       [2]    FLASH_Read_N_Bytes_i_L0
0x0001       [1]    ispunct_rslt_L0
0x0001       [1]    R1
0x0002       [2]    __Lib_USB_genHID_memset_usb_pp_L0
0x0002       [2]    memcpy_dd_L0
0x0002       [2]    strlen_cp_L0
0x0002       [2]    memset_pp_L0
0x0002       [1]    FLASH_Write_32_SaveINTCON_L0
0x0002       [2]    memchr_s_L0
0x0002       [1]    R2
0x0002       [1]    FLASH_Erase_Write_64_j_L0
0x0002       [2]    __Lib_USB_genHID_memset_usb_int_pp_L0
0x0003       [1]    R3
0x0003       [2]    Ltrim_original_L0
0x0003       [2]    memmove_tt_L0
0x0003       [1]    FLASH_Erase_Write_64_SaveINTCON_L0
0x0003       [2]    __Lib_USB_genHID_USB_CtrlTrf_Tx_Service_byteToSend_L0
0x0004       [2]    strncpy_cp_L0
0x0004       [2]    strncat_cp_L0
0x0004       [2]    memcpy_ss_L0
0x0004       [2]    strcat_cp_L0
0x0004       [2]    strcpy_cp_L0
0x0004       [2]    __Lib_USB_genHID_USB_Transfer_Packet_handle_L0
0x0004       [2]    __Lib_USB_genHID_USB_Transfer_Packet_Int_handle_L0
0x0004       [1]    R4
0x0004       [2]    __Lib_USB_genHID_USB_Std_Feature_Req_Handler_p_L0
0x0004       [2]    __Lib_USB_genHID_USB_Get_Status_Handler_p_L2
0x0004       [2]    frexp_pom_L0
0x0005       [2]    __Lib_USB_genHID_USB_Configure_Endpoint_handle_L0
0x0005       [2]    memmove_ff_L0
0x0005       [2]    Ltrim_p_L0
0x0005       [1]    R5
0x0005       [2]    LongWordToHex_input_half_L0
0x0005       [2]    LongIntToHex_input_half_L0
0x0006       [1]    R6
0x0007       [1]    R7
0x0008       [1]    R8
0x0009       [1]    R9
0x000A       [1]    R10
0x000B       [1]    R11
0x000C       [1]    R12
0x000D       [1]    R13
0x000E       [1]    R14
0x000F       [1]    R15
0x0010       [1]    R16
0x0011       [1]    R17
0x0012       [1]    R18
0x0013       [1]    R19
0x0014       [1]    R20
0x0015      [10]    ?lstr1_DigitalTachometer
0x001F       [2]    _RPM
0x0021      [11]    _message1
0x002C       [4]    _RPM_Value
0x0030       [0]    __Lib_Lcd_cmd_status
0x0031       [4]    FARG_Display_RPM_num
0x0035       [2]    FLOC__Display_RPM
0x0037       [1]    FARG_Lcd_Out_row
0x0038       [1]    FARG_Lcd_Out_column
0x0039       [2]    FARG_Lcd_Out_text
0x003B       [1]    Lcd_Out_i_L0
0x003C       [1]    FARG_Lcd_Chr_CP_out_char
0x003D       [1]    FARG_Lcd_Cmd_out_char
0x0400      [32]    __Lib_USB_genHID_BDT
0x0420       [8]    __Lib_USB_genHID_SetupPkt
0x0428       [8]    __Lib_USB_genHID_CtrlTrfData
0x0430       [3]    __Lib_USB_genHID_hid_report_out
0x0433       [3]    __Lib_USB_genHID_hid_report_in
0x0F62       [1]    SPPDATA
0x0F63       [0]    CSEN_bit
0x0F63       [0]    WS1_bit
0x0F63       [0]    WS2_bit
0x0F63       [0]    WS0_bit
0x0F63       [0]    CLK1EN_bit
0x0F63       [0]    WS3_bit
0x0F63       [0]    CLKCFG1_bit
0x0F63       [0]    CLKCFG0_bit
0x0F63       [1]    SPPCFG
0x0F64       [0]    ADDR1_SPPEPS_bit
0x0F64       [0]    WRSPP_bit
0x0F64       [1]    SPPEPS
0x0F64       [0]    ADDR0_SPPEPS_bit
0x0F64       [0]    ADDR2_SPPEPS_bit
0x0F64       [0]    ADDR3_SPPEPS_bit
0x0F64       [0]    SPPBUSY_bit
0x0F64       [0]    RDSPP_bit
0x0F65       [1]    SPPCON
0x0F65       [0]    SPPEN_bit
0x0F65       [0]    RDYO_bit
0x0F65       [0]    DMA0WN_bit
0x0F66       [0]    FRM0_bit
0x0F66       [1]    UFRM
0x0F66       [1]    UFRML
0x0F66       [0]    FRM5_bit
0x0F66       [0]    FRM4_bit
0x0F66       [0]    FRM7_bit
0x0F66       [0]    FRM6_bit
0x0F66       [0]    FRM3_bit
0x0F66       [0]    FRM1_bit
0x0F66       [0]    FRM2_bit
0x0F67       [0]    FRM8_bit
0x0F67       [0]    FRM10_bit
0x0F67       [0]    FRM9_bit
0x0F67       [1]    UFRMH
0x0F68       [0]    URSTIF_bit
0x0F68       [0]    TRNIF_bit
0x0F68       [0]    UERRIF_bit
0x0F68       [0]    ACTVIF_bit
0x0F68       [0]    SOFIF_bit
0x0F68       [0]    STALLIF_bit
0x0F68       [1]    UIR
0x0F68       [0]    IDLEIF_bit
0x0F69       [1]    UIE
0x0F69       [0]    SOFIE_bit
0x0F69       [0]    ACTVIE_bit
0x0F69       [0]    UERRIE_bit
0x0F69       [0]    URSTIE_bit
0x0F69       [0]    STALLIE_bit
0x0F69       [0]    IDLEIE_bit
0x0F69       [0]    TRNIE_bit
0x0F6A       [0]    CRC16EF_bit
0x0F6A       [0]    CRC5EF_bit
0x0F6A       [0]    PIDEF_bit
0x0F6A       [0]    BTSEF_bit
0x0F6A       [0]    BTOEF_bit
0x0F6A       [0]    DFN8EF_bit
0x0F6A       [1]    UEIR
0x0F6B       [0]    CRC5EE_bit
0x0F6B       [0]    PIDEE_bit
0x0F6B       [1]    UEIE
0x0F6B       [0]    BTOEE_bit
0x0F6B       [0]    BTSEE_bit
0x0F6B       [0]    CRC16EE_bit
0x0F6B       [0]    DFN8EE_bit
0x0F6C       [0]    ENDP3_bit
0x0F6C       [0]    DIR__bit
0x0F6C       [0]    PPBI_bit
0x0F6C       [0]    ENDP0_bit
0x0F6C       [1]    USTAT
0x0F6C       [0]    ENDP2_bit
0x0F6C       [0]    ENDP1_bit
0x0F6D       [0]    USBEN_bit
0x0F6D       [0]    SE0_bit
0x0F6D       [0]    PPBRST_bit
0x0F6D       [0]    PKTDIS_bit
0x0F6D       [0]    RESUME__bit
0x0F6D       [0]    SUSPND_bit
0x0F6D       [1]    UCON
0x0F6E       [0]    ADDR2_bit
0x0F6E       [0]    ADDR1_bit
0x0F6E       [0]    ADDR3_bit
0x0F6E       [0]    ADDR6_bit
0x0F6E       [0]    ADDR5_bit
0x0F6E       [0]    ADDR4_bit
0x0F6E       [0]    ADDR0_bit
0x0F6E       [1]    UADDR
0x0F6F       [0]    UOEMON_bit
0x0F6F       [0]    UTEYE_bit
0x0F6F       [0]    PPB1_bit
0x0F6F       [0]    FSEN_bit
0x0F6F       [0]    UTRDIS_bit
0x0F6F       [0]    UPUEN_bit
0x0F6F       [1]    UCFG
0x0F6F       [0]    PPB0_bit
0x0F70       [0]    EPSTALL_bit
0x0F70       [0]    EPINEN_bit
0x0F70       [0]    EPOUTEN_bit
0x0F70       [0]    EPCONDIS_bit
0x0F70       [1]    UEP0
0x0F70       [0]    EPHSHK_bit
0x0F71       [0]    EPINEN_UEP1_bit
0x0F71       [0]    EPHSHK_UEP1_bit
0x0F71       [0]    EPCONDIS_UEP1_bit
0x0F71       [0]    EPOUTEN_UEP1_bit
0x0F71       [1]    UEP1
0x0F71       [0]    EPSTALL_UEP1_bit
0x0F72       [0]    EPOUTEN_UEP2_bit
0x0F72       [0]    EPHSHK_UEP2_bit
0x0F72       [0]    EPCONDIS_UEP2_bit
0x0F72       [0]    EPINEN_UEP2_bit
0x0F72       [1]    UEP2
0x0F72       [0]    EPSTALL_UEP2_bit
0x0F73       [0]    EPOUTEN_UEP3_bit
0x0F73       [0]    EPCONDIS_UEP3_bit
0x0F73       [0]    EPHSHK_UEP3_bit
0x0F73       [1]    UEP3
0x0F73       [0]    EPSTALL_UEP3_bit
0x0F73       [0]    EPINEN_UEP3_bit
0x0F74       [0]    EPCONDIS_UEP4_bit
0x0F74       [0]    EPHSHK_UEP4_bit
0x0F74       [1]    UEP4
0x0F74       [0]    EPOUTEN_UEP4_bit
0x0F74       [0]    EPINEN_UEP4_bit
0x0F74       [0]    EPSTALL_UEP4_bit
0x0F75       [0]    EPHSHK_UEP5_bit
0x0F75       [1]    UEP5
0x0F75       [0]    EPCONDIS_UEP5_bit
0x0F75       [0]    EPSTALL_UEP5_bit
0x0F75       [0]    EPINEN_UEP5_bit
0x0F75       [0]    EPOUTEN_UEP5_bit
0x0F76       [0]    EPHSHK_UEP6_bit
0x0F76       [1]    UEP6
0x0F76       [0]    EPINEN_UEP6_bit
0x0F76       [0]    EPOUTEN_UEP6_bit
0x0F76       [0]    EPCONDIS_UEP6_bit
0x0F76       [0]    EPSTALL_UEP6_bit
0x0F77       [1]    UEP7
0x0F77       [0]    EPHSHK_UEP7_bit
0x0F77       [0]    EPINEN_UEP7_bit
0x0F77       [0]    EPSTALL_UEP7_bit
0x0F77       [0]    EPOUTEN_UEP7_bit
0x0F77       [0]    EPCONDIS_UEP7_bit
0x0F78       [1]    UEP8
0x0F78       [0]    EPHSHK_UEP8_bit
0x0F78       [0]    EPCONDIS_UEP8_bit
0x0F78       [0]    EPSTALL_UEP8_bit
0x0F78       [0]    EPOUTEN_UEP8_bit
0x0F78       [0]    EPINEN_UEP8_bit
0x0F79       [1]    UEP9
0x0F79       [0]    EPOUTEN_UEP9_bit
0x0F79       [0]    EPINEN_UEP9_bit
0x0F79       [0]    EPSTALL_UEP9_bit
0x0F79       [0]    EPHSHK_UEP9_bit
0x0F79       [0]    EPCONDIS_UEP9_bit
0x0F7A       [1]    UEP10
0x0F7A       [0]    EPHSHK_UEP10_bit
0x0F7A       [0]    EPINEN_UEP10_bit
0x0F7A       [0]    EPSTALL_UEP10_bit
0x0F7A       [0]    EPCONDIS_UEP10_bit
0x0F7A       [0]    EPOUTEN_UEP10_bit
0x0F7B       [1]    UEP11
0x0F7B       [0]    EPHSHK_UEP11_bit
0x0F7B       [0]    EPOUTEN_UEP11_bit
0x0F7B       [0]    EPINEN_UEP11_bit
0x0F7B       [0]    EPCONDIS_UEP11_bit
0x0F7B       [0]    EPSTALL_UEP11_bit
0x0F7C       [0]    EPHSHK_UEP12_bit
0x0F7C       [1]    UEP12
0x0F7C       [0]    EPINEN_UEP12_bit
0x0F7C       [0]    EPSTALL_UEP12_bit
0x0F7C       [0]    EPCONDIS_UEP12_bit
0x0F7C       [0]    EPOUTEN_UEP12_bit
0x0F7D       [0]    EPHSHK_UEP13_bit
0x0F7D       [1]    UEP13
0x0F7D       [0]    EPOUTEN_UEP13_bit
0x0F7D       [0]    EPINEN_UEP13_bit
0x0F7D       [0]    EPSTALL_UEP13_bit
0x0F7D       [0]    EPCONDIS_UEP13_bit
0x0F7E       [0]    EPSTALL_UEP14_bit
0x0F7E       [0]    EPHSHK_UEP14_bit
0x0F7E       [1]    UEP14
0x0F7E       [0]    EPINEN_UEP14_bit
0x0F7E       [0]    EPOUTEN_UEP14_bit
0x0F7E       [0]    EPCONDIS_UEP14_bit
0x0F7F       [0]    EPINEN_UEP15_bit
0x0F7F       [0]    EPSTALL_UEP15_bit
0x0F7F       [0]    EPCONDIS_UEP15_bit
0x0F7F       [1]    UEP15
0x0F7F       [0]    EPOUTEN_UEP15_bit
0x0F7F       [0]    EPHSHK_UEP15_bit
0x0F80       [0]    AN1_bit
0x0F80       [0]    AN0_bit
0x0F80       [0]    T0CKI_bit
0x0F80       [0]    VREFM_bit
0x0F80       [0]    AN3_bit
0x0F80       [0]    AN2_bit
0x0F80       [0]    AN4_bit
0x0F80       [0]    LVDIN_bit
0x0F80       [0]    HLVDIN_bit
0x0F80       [0]    OSC2_bit
0x0F80       [0]    VREFP_bit
0x0F80       [0]    RA2_bit
0x0F80       [0]    RA3_bit
0x0F80       [0]    RA1_bit
0x0F80       [0]    IR_Tx
0x0F80       [0]    RA0_bit
0x0F80       [0]    RA6_bit
0x0F80       [1]    PORTA
0x0F80       [0]    RA4_bit
0x0F80       [0]    RA5_bit
0x0F81       [0]    PGM_bit
0x0F81       [0]    RB0_bit
0x0F81       [0]    LCD_D5
0x0F81       [0]    LCD_D4
0x0F81       [0]    INT0_bit
0x0F81       [0]    PGC_bit
0x0F81       [0]    INT2_bit
0x0F81       [0]    PGD_bit
0x0F81       [0]    INT1_bit
0x0F81       [0]    RB4_bit
0x0F81       [0]    RB3_bit
0x0F81       [0]    RB2_bit
0x0F81       [0]    RB5_bit
0x0F81       [1]    PORTB
0x0F81       [0]    RB7_bit
0x0F81       [0]    RB6_bit
0x0F81       [0]    RB1_bit
0x0F81       [0]    LCD_D7
0x0F81       [0]    LCD_D6
0x0F82       [0]    T13CKI_bit
0x0F82       [0]    P1A_bit
0x0F82       [0]    CK_bit
0x0F82       [0]    CCP1_bit
0x0F82       [0]    TX_bit
0x0F82       [0]    T1OSI_bit
0x0F82       [0]    RX__bit
0x0F82       [0]    T1OSO_bit
0x0F82       [0]    RC1_bit
0x0F82       [1]    PORTC
0x0F82       [0]    RC0_bit
0x0F82       [0]    LCD_EN
0x0F82       [0]    LCD_RS
0x0F82       [0]    RC4_bit
0x0F82       [0]    RC2_bit
0x0F82       [0]    RC5_bit
0x0F82       [0]    RC7_bit
0x0F82       [0]    RC6_bit
0x0F84       [0]    RE3_bit
0x0F84       [1]    PORTE
0x0F89       [0]    LATA6_bit
0x0F89       [0]    LATA4_bit
0x0F89       [0]    LATA0_bit
0x0F89       [0]    LATA1_bit
0x0F89       [0]    LATA5_bit
0x0F89       [0]    LATA3_bit
0x0F89       [0]    LATA2_bit
0x0F89       [1]    LATA
0x0F8A       [0]    LATB2_bit
0x0F8A       [0]    LATB1_bit
0x0F8A       [0]    LATB0_bit
0x0F8A       [0]    LATB4_bit
0x0F8A       [0]    LATB6_bit
0x0F8A       [0]    LATB5_bit
0x0F8A       [0]    LATB7_bit
0x0F8A       [1]    LATB
0x0F8A       [0]    LATB3_bit
0x0F8B       [1]    LATC
0x0F8B       [0]    LATC1_bit
0x0F8B       [0]    LATC2_bit
0x0F8B       [0]    LATC7_bit
0x0F8B       [0]    LATC6_bit
0x0F8B       [0]    LATC0_bit
0x0F92       [0]    TRISA1_bit
0x0F92       [0]    TRISA6_bit
0x0F92       [0]    TRISA0_bit
0x0F92       [0]    TRISA2_bit
0x0F92       [0]    TRISA5_bit
0x0F92       [0]    TRISA4_bit
0x0F92       [0]    TRISA3_bit
0x0F92       [1]    TRISA
0x0F93       [0]    LCD_D4_Direction
0x0F93       [0]    TRISB6_bit
0x0F93       [0]    TRISB7_bit
0x0F93       [0]    TRISB5_bit
0x0F93       [0]    TRISB0_bit
0x0F93       [0]    LCD_D6_Direction
0x0F93       [1]    TRISB
0x0F93       [0]    LCD_D7_Direction
0x0F93       [0]    TRISB1_bit
0x0F93       [0]    TRISB3_bit
0x0F93       [0]    TRISB4_bit
0x0F93       [0]    TRISB2_bit
0x0F93       [0]    LCD_D5_Direction
0x0F94       [1]    TRISC
0x0F94       [0]    TRISC7_bit
0x0F94       [0]    TRISC1_bit
0x0F94       [0]    TRISC0_bit
0x0F94       [0]    TRISC2_bit
0x0F94       [0]    LCD_EN_Direction
0x0F94       [0]    LCD_RS_Direction
0x0F94       [0]    TRISC6_bit
0x0F9B       [0]    TUN3_bit
0x0F9B       [0]    TUN4_bit
0x0F9B       [0]    INTSRC_bit
0x0F9B       [1]    OSCTUNE
0x0F9B       [0]    TUN1_bit
0x0F9B       [0]    TUN0_bit
0x0F9B       [0]    TUN2_bit
0x0F9D       [0]    TMR2IE_bit
0x0F9D       [0]    TXIE_bit
0x0F9D       [0]    ADIE_bit
0x0F9D       [0]    RCIE_bit
0x0F9D       [0]    CCP1IE_bit
0x0F9D       [0]    SSPIE_bit
0x0F9D       [1]    PIE1
0x0F9D       [0]    TMR1IE_bit
0x0F9E       [0]    SSPIF_bit
0x0F9E       [0]    TXIF_bit
0x0F9E       [1]    PIR1
0x0F9E       [0]    TMR1IF_bit
0x0F9E       [0]    TMR2IF_bit
0x0F9E       [0]    CCP1IF_bit
0x0F9E       [0]    RCIF_bit
0x0F9E       [0]    ADIF_bit
0x0F9F       [0]    TMR2IP_bit
0x0F9F       [0]    TMR1IP_bit
0x0F9F       [0]    TXIP_bit
0x0F9F       [0]    CCP1IP_bit
0x0F9F       [0]    SSPIP_bit
0x0F9F       [0]    ADIP_bit
0x0F9F       [1]    IPR1
0x0F9F       [0]    RCIP_bit
0x0FA0       [0]    TMR3IE_bit
0x0FA0       [0]    CMIE_bit
0x0FA0       [0]    LVDIE_bit
0x0FA0       [0]    USBIE_bit
0x0FA0       [0]    CCP2IE_bit
0x0FA0       [0]    EEIE_bit
0x0FA0       [0]    HLVDIE_bit
0x0FA0       [1]    PIE2
0x0FA0       [0]    BCLIE_bit
0x0FA0       [0]    OSCFIE_bit
0x0FA1       [0]    OSCFIF_bit
0x0FA1       [1]    PIR2
0x0FA1       [0]    HLVDIF_bit
0x0FA1       [0]    USBIF_bit
0x0FA1       [0]    CCP2IF_bit
0x0FA1       [0]    TMR3IF_bit
0x0FA1       [0]    LVDIF_bit
0x0FA1       [0]    EEIF_bit
0x0FA1       [0]    CMIF_bit
0x0FA1       [0]    BCLIF_bit
0x0FA2       [0]    CMIP_bit
0x0FA2       [0]    OSCFIP_bit
0x0FA2       [0]    EEIP_bit
0x0FA2       [0]    USBIP_bit
0x0FA2       [0]    LVDIP_bit
0x0FA2       [0]    TMR3IP_bit
0x0FA2       [0]    CCP2IP_bit
0x0FA2       [0]    HLVDIP_bit
0x0FA2       [0]    BCLIP_bit
0x0FA2       [1]    IPR2
0x0FA6       [0]    CFGS_bit
0x0FA6       [0]    FREE_bit
0x0FA6       [1]    EECON1
0x0FA6       [0]    EEPGD_bit
0x0FA6       [0]    WR_bit
0x0FA6       [0]    RD_bit
0x0FA6       [0]    WRERR_bit
0x0FA6       [0]    WREN_bit
0x0FA7       [1]    EECON2
0x0FA8       [1]    EEDATA
0x0FA9       [1]    EEADR
0x0FAB       [1]    RCSTA
0x0FAB       [0]    ADEN_bit
0x0FAB       [0]    SPEN_bit
0x0FAB       [0]    FERR_bit
0x0FAB       [0]    OERR_bit
0x0FAB       [0]    RX9D_bit
0x0FAB       [0]    ADDEN_bit
0x0FAB       [0]    RX9_bit
0x0FAB       [0]    SREN_bit
0x0FAB       [0]    CREN_bit
0x0FAC       [1]    TXSTA
0x0FAC       [0]    TX9_bit
0x0FAC       [0]    CSRC_bit
0x0FAC       [0]    SYNC_bit
0x0FAC       [0]    TXEN_bit
0x0FAC       [0]    SENDB_bit
0x0FAC       [0]    TX9D_bit
0x0FAC       [0]    TRMT_bit
0x0FAC       [0]    BRGH_bit
0x0FAD       [1]    TXREG
0x0FAE       [1]    RCREG
0x0FAF       [1]    SPBRG
0x0FB0       [1]    SPBRGH
0x0FB1       [0]    T3SYNC_bit
0x0FB1       [0]    T3CCP1_bit
0x0FB1       [0]    TMR3ON_bit
0x0FB1       [0]    TMR3CS_bit
0x0FB1       [0]    T3CKPS0_bit
0x0FB1       [0]    RD16_bit
0x0FB1       [0]    T3NSYNC_bit
0x0FB1       [0]    NOT_T3SYNC_bit
0x0FB1       [0]    T3CCP2_bit
0x0FB1       [1]    T3CON
0x0FB1       [0]    T3CKPS1_bit
0x0FB2       [1]    TMR3L
0x0FB3       [1]    TMR3H
0x0FB4       [0]    C2INV_bit
0x0FB4       [0]    C1OUT_bit
0x0FB4       [0]    C2OUT_bit
0x0FB4       [0]    C1INV_bit
0x0FB4       [0]    CM0_bit
0x0FB4       [1]    CMCON
0x0FB4       [0]    CM1_bit
0x0FB4       [0]    CIS_bit
0x0FB4       [0]    CM2_bit
0x0FB5       [0]    CVROE_bit
0x0FB5       [0]    CVRR_bit
0x0FB5       [0]    CVREF_bit
0x0FB5       [1]    CVRCON
0x0FB5       [0]    CVRSS_bit
0x0FB5       [0]    CVREN_bit
0x0FB5       [0]    CVR1_bit
0x0FB5       [0]    CVR0_bit
0x0FB5       [0]    CVR3_bit
0x0FB5       [0]    CVR2_bit
0x0FB6       [0]    ECCPAS0_bit
0x0FB6       [0]    PSSAC1_bit
0x0FB6       [0]    ECCPAS2_bit
0x0FB6       [0]    ECCPASE_bit
0x0FB6       [0]    ECCPAS1_bit
0x0FB6       [0]    PSSAC0_bit
0x0FB6       [1]    ECCP1AS
0x0FB6       [1]    CCP1AS
0x0FB7       [1]    ECCP1DEL
0x0FB7       [0]    PRSEN_bit
0x0FB7       [1]    CCP1DEL
0x0FB8       [0]    RCMT_bit
0x0FB8       [0]    RCIDL_bit
0x0FB8       [0]    RXDTP_bit
0x0FB8       [0]    ABDOVF_bit
0x0FB8       [0]    TXCKP_bit
0x0FB8       [0]    ABDEN_bit
0x0FB8       [1]    BAUDCON
0x0FB8       [0]    WUE_bit
0x0FB8       [0]    SCKP_bit
0x0FB8       [0]    BRG16_bit
0x0FBA       [0]    DC2B0_bit
0x0FBA       [0]    DC2B1_bit
0x0FBA       [1]    CCP2CON
0x0FBA       [0]    CCP2M3_bit
0x0FBA       [0]    CCP2M0_bit
0x0FBA       [0]    CCP2M1_bit
0x0FBA       [0]    CCP2M2_bit
0x0FBB       [1]    CCPR2L
0x0FBB       [2]    CCPR2
0x0FBC       [1]    CCPR2H
0x0FBD       [1]    CCP1CON
0x0FBD       [0]    DC1B1_bit
0x0FBD       [0]    CCP1M2_bit
0x0FBD       [0]    CCP1M1_bit
0x0FBD       [0]    CCP1M0_bit
0x0FBD       [0]    DC1B0_bit
0x0FBD       [0]    CCP1M3_bit
0x0FBE       [1]    CCPR1L
0x0FBE       [2]    CCPR1
0x0FBF       [1]    CCPR1H
0x0FC0       [1]    ADCON2
0x0FC0       [0]    ACQT1_bit
0x0FC0       [0]    ACQT2_bit
0x0FC0       [0]    ADFM_bit
0x0FC0       [0]    ACQT0_bit
0x0FC0       [0]    ADCS0_bit
0x0FC0       [0]    ADCS1_bit
0x0FC0       [0]    ADCS2_bit
0x0FC1       [0]    PCFG3_bit
0x0FC1       [0]    VCFG0_bit
0x0FC1       [0]    VCFG1_bit
0x0FC1       [1]    ADCON1
0x0FC1       [0]    PCFG1_bit
0x0FC1       [0]    PCFG0_bit
0x0FC1       [0]    PCFG2_bit
0x0FC2       [0]    DONE_bit
0x0FC2       [0]    CHS3_bit
0x0FC2       [0]    GO_bit
0x0FC2       [1]    ADCON0
0x0FC2       [0]    NOT_DONE_bit
0x0FC2       [0]    CHS2_bit
0x0FC2       [0]    GO_DONE_bit
0x0FC2       [0]    ADON_bit
0x0FC2       [0]    CHS0_bit
0x0FC2       [0]    CHS1_bit
0x0FC3       [1]    ADRESL
0x0FC3       [2]    ADRES
0x0FC4       [1]    ADRESH
0x0FC5       [0]    ACKDT_bit
0x0FC5       [0]    ACKEN_bit
0x0FC5       [0]    GCEN_bit
0x0FC5       [0]    ACKSTAT_bit
0x0FC5       [0]    RCEN_bit
0x0FC5       [0]    RSEN_bit
0x0FC5       [1]    SSPCON2
0x0FC5       [0]    PEN_bit
0x0FC5       [0]    SEN_bit
0x0FC6       [0]    SSPM0_bit
0x0FC6       [0]    SSPM1_bit
0x0FC6       [0]    SSPOV_bit
0x0FC6       [0]    WCOL_bit
0x0FC6       [1]    SSPCON1
0x0FC6       [0]    SSPEN_bit
0x0FC6       [0]    SSPM2_bit
0x0FC6       [0]    SSPM3_bit
0x0FC6       [0]    CKP_bit
0x0FC7       [0]    NOT_W_bit
0x0FC7       [0]    NOT_A_bit
0x0FC7       [0]    I2C_START__bit
0x0FC7       [0]    I2C_STOP__bit
0x0FC7       [0]    I2C_DAT_bit
0x0FC7       [0]    NOT_WRITE_bit
0x0FC7       [0]    R_bit
0x0FC7       [0]    D_bit
0x0FC7       [0]    DATA_ADDRESS_bit
0x0FC7       [0]    NOT_ADDRESS_bit
0x0FC7       [0]    READ_WRITE_bit
0x0FC7       [1]    SSPSTAT
0x0FC7       [0]    S_bit
0x0FC7       [0]    P_bit
0x0FC7       [0]    BF_bit
0x0FC7       [0]    UA_bit
0x0FC7       [0]    R_W_bit
0x0FC7       [0]    SMP_bit
0x0FC7       [0]    I2C_READ_bit
0x0FC7       [0]    CKE_bit
0x0FC7       [0]    D_A_bit
0x0FC8       [1]    SSPADD
0x0FC9       [1]    SSPBUF
0x0FCA       [1]    T2CON
0x0FCA       [0]    T2OUTPS1_bit
0x0FCA       [0]    T2OUTPS2_bit
0x0FCA       [0]    T2OUTPS3_bit
0x0FCA       [0]    T2OUTPS0_bit
0x0FCA       [0]    T2CKPS1_bit
0x0FCA       [0]    T2CKPS0_bit
0x0FCA       [0]    TMR2ON_bit
0x0FCB       [1]    PR2
0x0FCC       [1]    TMR2
0x0FCD       [0]    T1CKPS0_bit
0x0FCD       [0]    T1OSCEN_bit
0x0FCD       [0]    T1CKPS1_bit
0x0FCD       [0]    RD16_T1CON_bit
0x0FCD       [0]    T1RUN_bit
0x0FCD       [0]    TMR1ON_bit
0x0FCD       [1]    T1CON
0x0FCD       [0]    TMR1CS_bit
0x0FCD       [0]    NOT_T1SYNC_bit
0x0FCD       [0]    T1SYNC_bit
0x0FCE       [1]    TMR1L
0x0FCF       [1]    TMR1H
0x0FD0       [0]    PD_bit
0x0FD0       [0]    POR_bit
0x0FD0       [0]    BOR_bit
0x0FD0       [0]    IPEN_bit
0x0FD0       [0]    RI_bit
0x0FD0       [0]    TO__bit
0x0FD0       [0]    NOT_POR_bit
0x0FD0       [0]    NOT_PD_bit
0x0FD0       [0]    NOT_BOR_bit
0x0FD0       [1]    RCON
0x0FD0       [0]    SBOREN_bit
0x0FD0       [0]    NOT_IPEN_bit
0x0FD0       [0]    NOT_RI_bit
0x0FD0       [0]    NOT_TO_bit
0x0FD1       [1]    WDTCON
0x0FD1       [0]    SWDTEN_bit
0x0FD1       [0]    SWDTE_bit
0x0FD2       [0]    HLVDEN_bit
0x0FD2       [0]    HLVDL3_bit
0x0FD2       [0]    HLVDL1_bit
0x0FD2       [0]    HLVDL2_bit
0x0FD2       [1]    HLVDCON
0x0FD2       [0]    IVRST_bit
0x0FD2       [0]    VDIRMAG_bit
0x0FD2       [1]    LVDCON
0x0FD2       [0]    HLVDL0_bit
0x0FD2       [0]    LVDL3_bit
0x0FD2       [0]    LVDEN_bit
0x0FD2       [0]    LVDL2_bit
0x0FD2       [0]    LVDL0_bit
0x0FD2       [0]    LVDL1_bit
0x0FD2       [0]    IRVST_bit
0x0FD2       [0]    LVV3_bit
0x0FD2       [0]    BGST_bit
0x0FD2       [0]    LVV2_bit
0x0FD2       [0]    LVV0_bit
0x0FD2       [0]    LVV1_bit
0x0FD3       [0]    IOFS_bit
0x0FD3       [0]    OSTS_bit
0x0FD3       [0]    SCS0_bit
0x0FD3       [0]    SCS1_bit
0x0FD3       [0]    IDLEN_bit
0x0FD3       [0]    FLTS_bit
0x0FD3       [1]    OSCCON
0x0FD3       [0]    IRCF0_bit
0x0FD3       [0]    IRCF1_bit
0x0FD3       [0]    IRCF2_bit
0x0FD5       [0]    T0SE_bit
0x0FD5       [0]    PSA_bit
0x0FD5       [0]    TMR0ON_bit
0x0FD5       [0]    T08BIT_bit
0x0FD5       [0]    T0CS_bit
0x0FD5       [0]    T0PS1_bit
0x0FD5       [0]    T0PS0_bit
0x0FD5       [1]    T0CON
0x0FD5       [0]    T0PS2_bit
0x0FD6       [1]    TMR0L
0x0FD7       [1]    TMR0H
0x0FD8       [0]    N_bit
0x0FD8       [1]    STATUS
0x0FD8       [0]    DC_bit
0x0FD8       [0]    C_bit
0x0FD8       [0]    OV_bit
0x0FD8       [0]    Z_bit
0x0FD9       [1]    FSR2L
0x0FD9       [2]    FSR2
0x0FD9       [2]    FSR2PTR
0x0FDA       [1]    FSR2H
0x0FDB       [1]    PLUSW2
0x0FDC       [1]    PREINC2
0x0FDD       [1]    POSTDEC2
0x0FDE       [1]    POSTINC2
0x0FDF       [1]    INDF2
0x0FE0       [1]    BSR
0x0FE1       [1]    FSR1L
0x0FE1       [2]    FSR1PTR
0x0FE1       [2]    FSR1
0x0FE2       [1]    FSR1H
0x0FE3       [1]    PLUSW1
0x0FE4       [1]    PREINC1
0x0FE5       [1]    POSTDEC1
0x0FE6       [1]    POSTINC1
0x0FE7       [1]    INDF1
0x0FE8       [1]    WREG
0x0FE9       [2]    FSR0
0x0FE9       [2]    FSR0PTR
0x0FE9       [1]    FSR0L
0x0FEA       [1]    FSR0H
0x0FEB       [1]    PLUSW0
0x0FEC       [1]    PREINC0
0x0FED       [1]    POSTDEC0
0x0FEE       [1]    POSTINC0
0x0FEF       [1]    INDF0
0x0FF0       [1]    INTCON3
0x0FF0       [0]    INT1F_bit
0x0FF0       [0]    INT2IP_bit
0x0FF0       [0]    INT2F_bit
0x0FF0       [0]    INT2E_bit
0x0FF0       [0]    INT1E_bit
0x0FF0       [0]    INT1IF_bit
0x0FF0       [0]    INT2IF_bit
0x0FF0       [0]    INT1IE_bit
0x0FF0       [0]    INT1IP_bit
0x0FF0       [0]    INT2IE_bit
0x0FF0       [0]    INT2P_bit
0x0FF0       [0]    INT1P_bit
0x0FF1       [0]    NOT_RBPU_bit
0x0FF1       [0]    INTEDG0_bit
0x0FF1       [0]    RBPU_bit
0x0FF1       [0]    T0IP_bit
0x0FF1       [0]    TMR0IP_bit
0x0FF1       [0]    RBIP_bit
0x0FF1       [0]    INTEDG1_bit
0x0FF1       [0]    INTEDG2_bit
0x0FF1       [1]    INTCON2
0x0FF2       [0]    RBIE_bit
0x0FF2       [0]    INT0IE_bit
0x0FF2       [0]    TMR0IE_bit
0x0FF2       [0]    INT0IF_bit
0x0FF2       [0]    TMR0IF_bit
0x0FF2       [0]    RBIF_bit
0x0FF2       [0]    PEIE_bit
0x0FF2       [0]    T0IE_bit
0x0FF2       [0]    GIEL_bit
0x0FF2       [0]    GIEH_bit
0x0FF2       [0]    INT0E_bit
0x0FF2       [0]    GIE_bit
0x0FF2       [0]    INT0F_bit
0x0FF2       [0]    T0IF_bit
0x0FF2       [1]    INTCON
0x0FF3       [2]    PROD
0x0FF3       [1]    PRODL
0x0FF4       [1]    PRODH
0x0FF5       [1]    TABLAT
0x0FF6       [3]    TBLPTR
0x0FF6       [1]    TBLPTRL
0x0FF7       [1]    TBLPTRH
0x0FF8       [1]    TBLPTRU
0x0FF9       [1]    PCL
0x0FF9       [1]    PC
0x0FFA       [1]    PCLATH
0x0FFB       [0]    PCU2_bit
0x0FFB       [0]    PCU3_bit
0x0FFB       [0]    PCU4_bit
0x0FFB       [0]    PCU0_bit
0x0FFB       [1]    PCLATU
0x0FFB       [0]    PCU1_bit
0x0FFC       [0]    STKPTR4_bit
0x0FFC       [0]    STKUNF_bit
0x0FFC       [0]    STKFUL_bit
0x0FFC       [0]    STKPTR0_bit
0x0FFC       [1]    STKPTR
0x0FFC       [0]    STKPTR1_bit
0x0FFC       [0]    STKPTR3_bit
0x0FFC       [0]    STKPTR2_bit
0x0FFD       [1]    TOSL
0x0FFE       [1]    TOSH
0x0FFF       [1]    TOSU
//** Constants locations ** 
//ADDRESS    SIZE    CONSTANT
//----------------------------------------------
0x0774      [10]    ?ICS?lstr1_DigitalTachometer
0x077E       [2]    ?ICS_RPM
0x0780      [11]    ?ICS_message1
//** Label List: ** 
//----------------------------------------------
  L_main0
  L_main1
  L_main2
  L_main3
  _Display_RPM
  _main
  L_Delay_1us0
  L_Delay_10us1
  L_Delay_22us2
  L_Delay_50us3
  L_Delay_80us4
  L_Delay_500us5
  L_Delay_5500us6
  L_Delay_1ms7
  L_Delay_5ms8
  L_Delay_8ms9
  L_Delay_100ms10
  L_Delay_10ms11
  L_Delay_1sec12
  L____Boot_Delay4k13
  L____Boot_Delay8k14
  L____Boot_Delay12k15
  L____Boot_Delay16k16
  L____Boot_Delay24k17
  L____Boot_Delay32k18
  L____Boot_Delay48k19
  L____Boot_Delay64k20
  L____Boot_Delay128k21
  L_Delay_Cyc22
  L_Delay_Cyc23
  L_VDelay_ms24
  L_VDelay_ms25
  L_VDelay_ms26
  L_VDelay_Advanced_ms27
  L_VDelay_Advanced_ms28
  L_VDelay_Advanced_ms29
  _Get_Fosc_kHz
  _Delay_1us
  _Delay_10us
  _Delay_22us
  _Delay_50us
  _Delay_80us
  _Delay_500us
  _Delay_5500us
  _Delay_1ms
  _Delay_5ms
  _Delay_8ms
  _Delay_100ms
  _Delay_10ms
  _Delay_1sec
  ____Boot_Delay4k
  ____Boot_Delay8k
  ____Boot_Delay12k
  ____Boot_Delay16k
  ____Boot_Delay24k
  ____Boot_Delay32k
  ____Boot_Delay48k
  ____Boot_Delay64k
  ____Boot_Delay128k
  _Delay_Cyc
  _VDelay_ms
  L__VDelay_ms30
  L__VDelay_ms31
  L__VDelay_ms32
  _VDelay_Advanced_ms
  L__VDelay_Advanced_ms33
  L__VDelay_Advanced_ms34
  L__VDelay_Advanced_ms35
  L_Lcd_Cmd0
  L_Lcd_Cmd1
  L_Lcd_Out_CP2
  L_Lcd_Out_CP3
  L_Lcd_Chr4
  L_Lcd_Chr5
  L_Lcd_Chr6
  L_Lcd_Chr7
  L_Lcd_Chr8
  L_Lcd_Chr9
  L_Lcd_Chr10
  L_Lcd_Out11
  L_Lcd_Out12
  L_Lcd_Out13
  L_Lcd_Out14
  L_Lcd_Out15
  L_Lcd_Out16
  L_Lcd_Out17
  L_Lcd_Out18
  L_Lcd_Out19
  _Lcd_Cmd
  L__Lcd_Cmd20
  L__Lcd_Cmd21
  L__Lcd_Cmd22
  L__Lcd_Cmd23
  L__Lcd_Cmd24
  L__Lcd_Cmd25
  L__Lcd_Cmd26
  L__Lcd_Cmd27
  L__Lcd_Cmd28
  L__Lcd_Cmd29
  L__Lcd_Cmd30
  L__Lcd_Cmd31
  L__Lcd_Cmd32
  L__Lcd_Cmd33
  L__Lcd_Cmd34
  L__Lcd_Cmd35
  L__Lcd_Cmd36
  L__Lcd_Cmd37
  L__Lcd_Cmd38
  L__Lcd_Cmd39
  _Lcd_Chr_CP
  _Lcd_Out_CP
  _Lcd_Chr
  _Lcd_Init
  _Lcd_Out
  L_Div_16x16_S0
  L_Div_16x16_S1
  LOOPS3232A
  SADD22LA
  SOK22LA
  SADD22L8
  SOK22L8
  LOOPS3232B
  SADD22LB
  SOK22LB
  SADD22L16
  SOK22L16
  LOOPS3232C
  SADD22LC
  SOK22LC
  SADD22L24
  SOK22L24
  LOOPS3232D
  SADD22LD
  SOK22LD
  SOK22L
  L_Div_32x32_S6
  L_Div_32x32_S7
  L_Div_32x32_S8
  L_Div_32x32_S9
  FXD3232S
  END_ALL
  CA3232S
  C3232SX
  C3232SX1
  C3232S
  C3232S2
  C3232SX4
  C3232SOK
  C3232SX3
  C3232SX2
  avoid_comfrem
  LOOPU3232A
  UADD22LA
  UOK22LA
  UADD22L8
  UOK22L8
  LOOPU3232B
  UADD22LB
  UOK22LB
  UADD22L16
  UOK22L16
  LOOPU3232C
  UADD22LC
  UOK22LC
  UADD22L24
  UOK22L24
  LOOPU3232D
  UADD22LD
  UOK22LD
  UOK22L
  _NEXT
  _EXIT2
  _LOOP
  _EXIT1
  _IF_FIRST
  _IF_SECOND
  _INVERCE_FIRST
  _MULT
  _INBERSE_SECOND
  _EXIT
  _Div_8x8_U
  _Div_16x16_U
  _Div_16x16_S_L
  _Div_16x16_S
  _Div_8x8_S
  _Mul_8x8_S
  _Mul_16x16_U
  _Mul_16x16_S
  _SDIV3232L
  _COMFREM
  _Div_32x32_S
  _Div_32x32_U
  _Mul_32x32_U
  _Mul_32x32_S
  _CC2D_Loop1
  _CC2DL_Loop1
  L_longjmp2
  ___CC2D
  ___CC2DW
  _____DoIFC
  _Swap
  _setjmp
  _longjmp
